#
# There is insufficient memory for the Java Runtime Environment to continue.
# Native memory allocation (mmap) failed to map 65536 bytes. Error detail: Failed to commit metaspace.
# Possible reasons:
#   The system is out of physical RAM or swap space
#   This process is running with CompressedOops enabled, and the Java Heap may be blocking the growth of the native heap
# Possible solutions:
#   Reduce memory load on the system
#   Increase physical memory or swap space
#   Check if swap backing store is full
#   Decrease Java heap size (-Xmx/-Xms)
#   Decrease number of Java threads
#   Decrease Java thread stack sizes (-Xss)
#   Set larger code cache with -XX:ReservedCodeCacheSize=
#   JVM is running with Unscaled Compressed Oops mode in which the Java heap is
#     placed in the first 4GB address space. The Java Heap base address is the
#     maximum limit for the native heap growth. Please use -XX:HeapBaseMinAddress
#     to set the Java Heap base and to place the Java Heap above 4GB virtual address.
# This output file may be truncated or incomplete.
#
#  Out of Memory Error (virtualSpaceNode.cpp:110), pid=19284, tid=6200
#
# JRE version: OpenJDK Runtime Environment Temurin-17.0.11+9 (17.0.11+9) (build 17.0.11+9)
# Java VM: OpenJDK 64-Bit Server VM Temurin-17.0.11+9 (17.0.11+9, mixed mode, tiered, compressed oops, compressed class ptrs, parallel gc, windows-amd64)
# No core dump will be written. Minidumps are not enabled by default on client versions of Windows
#

---------------  S U M M A R Y ------------

Command Line: --add-modules=ALL-SYSTEM --add-opens=java.base/java.util=ALL-UNNAMED --add-opens=java.base/java.lang=ALL-UNNAMED --add-opens=java.base/sun.nio.fs=ALL-UNNAMED -Declipse.application=org.eclipse.jdt.ls.core.id1 -Dosgi.bundles.defaultStartLevel=4 -Declipse.product=org.eclipse.jdt.ls.core.product -Djava.import.generatesMetadataFilesAtProjectRoot=false -DDetectVMInstallationsJob.disabled=true -Dfile.encoding=utf8 -XX:+UseParallelGC -XX:GCTimeRatio=4 -XX:AdaptiveSizePolicyWeight=90 -Dsun.zip.disableMemoryMapping=true -Xmx1G -Xms100m -Xlog:disable -javaagent:c:\Users\Bienvenido\.vscode\extensions\redhat.java-1.33.0-win32-x64\lombok\lombok-1.18.33.jar -XX:+HeapDumpOnOutOfMemoryError -XX:HeapDumpPath=c:\Users\Bienvenido\AppData\Roaming\Code\User\workspaceStorage\a24a19b3159e2f2d5f7ebc0d3659f854\redhat.java -Daether.dependencyCollector.impl=bf c:\Users\Bienvenido\.vscode\extensions\redhat.java-1.33.0-win32-x64\server\plugins\org.eclipse.equinox.launcher_1.6.900.v20240613-2009.jar -configuration c:\Users\Bienvenido\AppData\Roaming\Code\User\globalStorage\redhat.java\1.33.0\config_win -data c:\Users\Bienvenido\AppData\Roaming\Code\User\workspaceStorage\a24a19b3159e2f2d5f7ebc0d3659f854\redhat.java\jdt_ws --pipe=\\.\pipe\lsp-956f428c4dce548a2da29cbe0ad1f157-sock

Host: Intel(R) Core(TM) i7-2600 CPU @ 3.40GHz, 4 cores, 15G,  Windows 10 , 64 bit Build 19041 (10.0.19041.4597)
Time: Mon Aug 12 20:19:34 2024 Central Standard Time (Mexico) elapsed time: 0.732187 seconds (0d 0h 0m 0s)

---------------  T H R E A D  ---------------

Current thread (0x00000228a2a069a0):  JavaThread "main" [_thread_in_vm, id=6200, stack(0x000000703c200000,0x000000703c300000)]

Stack: [0x000000703c200000,0x000000703c300000]
Native frames: (J=compiled Java code, j=interpreted, Vv=VM code, C=native code)
V  [jvm.dll+0x67d429]
V  [jvm.dll+0x834b7a]
V  [jvm.dll+0x83663e]
V  [jvm.dll+0x836ca3]
V  [jvm.dll+0x247dbf]
V  [jvm.dll+0x83083b]
V  [jvm.dll+0x621d56]
V  [jvm.dll+0x621dba]
V  [jvm.dll+0x6245ea]
V  [jvm.dll+0x6226f6]
V  [jvm.dll+0x62c5c7]
V  [jvm.dll+0x1ebb1b]
V  [jvm.dll+0x1ec055]
V  [jvm.dll+0x1ecb10]
V  [jvm.dll+0x1e1f11]
V  [jvm.dll+0x54250e]
V  [jvm.dll+0x1f2957]
V  [jvm.dll+0x7ae0cb]
V  [jvm.dll+0x7af499]
V  [jvm.dll+0x7af7e8]
V  [jvm.dll+0x24007e]
V  [jvm.dll+0x2402cf]
V  [jvm.dll+0x5607e8]
V  [jvm.dll+0x5636e7]
V  [jvm.dll+0x386582]
V  [jvm.dll+0x385bef]
C  0x00000228acbd9d19

The last pc belongs to invokestatic (printed below).
Java frames: (J=compiled Java code, j=interpreted, Vv=VM code)
j  java.time.temporal.ChronoUnit.<clinit>()V+10 java.base@17.0.11
v  ~StubRoutines::call_stub
j  java.time.temporal.ChronoField.<clinit>()V+10 java.base@17.0.11
v  ~StubRoutines::call_stub
j  java.time.LocalDate.of(III)Ljava/time/LocalDate;+0 java.base@17.0.11
j  java.time.LocalDate.<clinit>()V+5 java.base@17.0.11
v  ~StubRoutines::call_stub
j  java.time.LocalDateTime.<clinit>()V+0 java.base@17.0.11
v  ~StubRoutines::call_stub
j  java.time.ZonedDateTime.of(IIIIIIILjava/time/ZoneId;)Ljava/time/ZonedDateTime;+10 java.base@17.0.11
j  sun.security.util.DisabledAlgorithmConstraints$DenyAfterConstraint.<init>(Ljava/lang/String;III)V+73 java.base@17.0.11
j  sun.security.util.DisabledAlgorithmConstraints$Constraints.<init>(Ljava/lang/String;Ljava/util/Set;)V+624 java.base@17.0.11
j  sun.security.util.DisabledAlgorithmConstraints.<init>(Ljava/lang/String;Lsun/security/util/AlgorithmDecomposer;)V+119 java.base@17.0.11
j  sun.security.util.DisabledAlgorithmConstraints.<init>(Ljava/lang/String;)V+9 java.base@17.0.11
j  sun.security.util.DisabledAlgorithmConstraints$JarHolder.<clinit>()V+6 java.base@17.0.11
v  ~StubRoutines::call_stub
j  sun.security.util.DisabledAlgorithmConstraints.jarConstraints()Lsun/security/util/DisabledAlgorithmConstraints;+0 java.base@17.0.11
j  sun.security.pkcs.SignerInfo.<clinit>()V+0 java.base@17.0.11
v  ~StubRoutines::call_stub
j  sun.security.pkcs.PKCS7.parseSignedData(Lsun/security/util/DerValue;)V+619 java.base@17.0.11
j  sun.security.pkcs.PKCS7.parse(Lsun/security/util/DerInputStream;Z)V+55 java.base@17.0.11
j  sun.security.pkcs.PKCS7.parse(Lsun/security/util/DerInputStream;)V+11 java.base@17.0.11
j  sun.security.pkcs.PKCS7.<init>([B)V+50 java.base@17.0.11
j  sun.security.util.SignatureFileVerifier.<init>(Ljava/util/ArrayList;Lsun/security/util/ManifestDigester;Ljava/lang/String;[B)V+40 java.base@17.0.11
j  java.util.jar.JarVerifier.processEntry(Lsun/security/util/ManifestEntryVerifier;)V+322 java.base@17.0.11
j  java.util.jar.JarVerifier.update(I[BIILsun/security/util/ManifestEntryVerifier;)V+39 java.base@17.0.11
j  java.util.jar.JarFile.initializeVerifier()V+163 java.base@17.0.11
j  java.util.jar.JarFile.ensureInitialization()V+41 java.base@17.0.11
j  java.util.jar.JavaUtilJarAccessImpl.ensureInitialization(Ljava/util/jar/JarFile;)V+1 java.base@17.0.11
j  jdk.internal.loader.URLClassPath$JarLoader$2.getManifest()Ljava/util/jar/Manifest;+10 java.base@17.0.11
j  jdk.internal.loader.BuiltinClassLoader.defineClass(Ljava/lang/String;Ljdk/internal/loader/Resource;)Ljava/lang/Class;+29 java.base@17.0.11
j  jdk.internal.loader.BuiltinClassLoader.findClassOnClassPathOrNull(Ljava/lang/String;)Ljava/lang/Class;+37 java.base@17.0.11
j  jdk.internal.loader.BuiltinClassLoader.loadClassOrNull(Ljava/lang/String;Z)Ljava/lang/Class;+111 java.base@17.0.11
j  jdk.internal.loader.BuiltinClassLoader.loadClass(Ljava/lang/String;Z)Ljava/lang/Class;+3 java.base@17.0.11
j  jdk.internal.loader.ClassLoaders$AppClassLoader.loadClass(Ljava/lang/String;Z)Ljava/lang/Class;+36 java.base@17.0.11
j  java.lang.ClassLoader.loadClass(Ljava/lang/String;)Ljava/lang/Class;+3 java.base@17.0.11
v  ~StubRoutines::call_stub
j  java.lang.Class.forName0(Ljava/lang/String;ZLjava/lang/ClassLoader;Ljava/lang/Class;)Ljava/lang/Class;+0 java.base@17.0.11
j  java.lang.Class.forName(Ljava/lang/String;ZLjava/lang/ClassLoader;)Ljava/lang/Class;+43 java.base@17.0.11
j  sun.launcher.LauncherHelper.loadMainClass(ILjava/lang/String;)Ljava/lang/Class;+95 java.base@17.0.11
j  sun.launcher.LauncherHelper.checkAndLoadMain(ZILjava/lang/String;)Ljava/lang/Class;+42 java.base@17.0.11
v  ~StubRoutines::call_stub
invokestatic  184 invokestatic  [0x00000228acbd9c60, 0x00000228acbd9f40]  736 bytes
[MachCode]
  0x00000228acbd9c60: 4883 ec08 | c5fa 1104 | 24eb 1f48 | 83ec 10c5 | fb11 0424 | eb14 4883 | ec10 4889 | 0424 48c7 
  0x00000228acbd9c80: 4424 0800 | 0000 00eb | 0150 4c89 | 6dc0 410f | b755 0148 | 8b4d d0c1 | e202 8b5c | d120 c1eb 
  0x00000228acbd9ca0: 1081 e3ff | 0000 0081 | fbb8 0000 | 000f 84b6 | 0000 00bb | b800 0000 | e805 0000 | 00e9 9b00 
  0x00000228acbd9cc0: 0000 488b | d348 8d44 | 2408 4c89 | 6dc0 498b | cfc5 f877 | 4989 afa8 | 0200 0049 | 8987 9802 
  0x00000228acbd9ce0: 0000 4883 | ec20 f7c4 | 0f00 0000 | 0f84 1a00 | 0000 4883 | ec08 49ba | 805b f937 | fd7f 0000 
  0x00000228acbd9d00: 41ff d248 | 83c4 08e9 | 0d00 0000 | 49ba 805b | f937 fd7f | 0000 41ff | d248 83c4 | 2049 c787 
  0x00000228acbd9d20: 9802 0000 | 0000 0000 | 49c7 87a8 | 0200 0000 | 0000 0049 | c787 a002 | 0000 0000 | 0000 c5f8 
  0x00000228acbd9d40: 7749 817f | 0800 0000 | 000f 8405 | 0000 00e9 | ac71 feff | 4c8b 6dc0 | 4c8b 75c8 | c341 0fb7 
  0x00000228acbd9d60: 5501 488b | 4dd0 c1e2 | 0248 8b5c | d128 488b | 5b08 488b | 5b08 488b | 5b18 80bb | 3301 0000 
  0x00000228acbd9d80: 040f 840d | 0000 004c | 3bbb 3801 | 0000 0f85 | 1fff ffff | 488b 5cd1 | 288b 54d1 | 38c1 ea1c 
  0x00000228acbd9da0: 49ba e060 | 7b38 fd7f | 0000 498b | 14d2 5248 | 8b45 d848 | 85c0 0f84 | 1200 0000 | 4883 4008 
  0x00000228acbd9dc0: 0148 8358 | 0800 4883 | c010 4889 | 45d8 488b | 45d8 4885 | c00f 8445 | 0100 0080 | 78f0 0a0f 
  0x00000228acbd9de0: 853b 0100 | 0048 83c0 | 084c 8b68 | f841 83ed | 0041 83fd | 020f 8c1a | 0100 004c | 8b6b 0845 
  0x00000228acbd9e00: 0fb7 6d2c | 4c2b 2841 | 83ed 014e | 8b6c ec08 | 4d85 ed75 | 1248 f740 | 0801 0000 | 0075 58f0 
  0x00000228acbd9e20: 4883 4808 | 01eb 5045 | 8b6d 0849 | c1e5 034d | 8bd5 4c33 | 6808 49f7 | c5fc ffff | ff74 3849 
  0x00000228acbd9e40: f7c5 0200 | 0000 752f | 4881 7808 | 0000 0000 | 7421 4881 | 7808 0100 | 0000 7417 | 4d8b ea4c 
  0x00000228acbd9e60: 3368 0849 | f7c5 fcff | ffff 740b | 4883 4808 | 02eb 044c | 8968 0848 | 83c0 104c | 8b68 e841 
  0x00000228acbd9e80: 83ed 0241 | 83fd 020f | 8c88 0000 | 004c 8b6b | 0845 0fb7 | 6d2c 4c2b | 2841 83ed | 014e 8b6c 
  0x00000228acbd9ea0: ec08 4d85 | ed75 1248 | f740 0801 | 0000 0075 | 58f0 4883 | 4808 01eb | 5045 8b6d | 0849 c1e5 
  0x00000228acbd9ec0: 034d 8bd5 | 4c33 6808 | 49f7 c5fc | ffff ff74 | 3849 f7c5 | 0200 0000 | 752f 4881 | 7808 0000 
  0x00000228acbd9ee0: 0000 7421 | 4881 7808 | 0100 0000 | 7417 4d8b | ea4c 3368 | 0849 f7c5 | fcff ffff | 740b 4883 
  0x00000228acbd9f00: 4808 02eb | 044c 8968 | 0848 83c0 | 104c 8b68 | d841 83ed | 0441 c1e5 | 0349 03c5 | 4889 45d8 
  0x00000228acbd9f20: 4c8d 6c24 | 084c 896d | f0ff 6350 | 0f1f 4000 | 0000 0000 | 0000 0000 | 0000 0000 | 0000 0000 
[/MachCode]

---------------  P R O C E S S  ---------------

Threads class SMR info:
_java_thread_list=0x00000228bbdb5370, length=13, elements={
0x00000228a2a069a0, 0x00000228b683f1b0, 0x00000228b6844a10, 0x00000228b686df90,
0x00000228b686ed20, 0x00000228b6874070, 0x00000228b6878330, 0x00000228b687ddd0,
0x00000228b6883010, 0x00000228bbac0800, 0x00000228a2a6c990, 0x00000228bbde9900,
0x00000228bbe78a50
}

Java Threads: ( => current thread )
=>0x00000228a2a069a0 JavaThread "main" [_thread_in_vm, id=6200, stack(0x000000703c200000,0x000000703c300000)]
  0x00000228b683f1b0 JavaThread "Reference Handler" daemon [_thread_blocked, id=16120, stack(0x000000703c500000,0x000000703c600000)]
  0x00000228b6844a10 JavaThread "Finalizer" daemon [_thread_blocked, id=20144, stack(0x000000703c600000,0x000000703c700000)]
  0x00000228b686df90 JavaThread "Signal Dispatcher" daemon [_thread_blocked, id=8732, stack(0x000000703c700000,0x000000703c800000)]
  0x00000228b686ed20 JavaThread "Attach Listener" daemon [_thread_blocked, id=12420, stack(0x000000703c800000,0x000000703c900000)]
  0x00000228b6874070 JavaThread "Service Thread" daemon [_thread_blocked, id=23308, stack(0x000000703c900000,0x000000703ca00000)]
  0x00000228b6878330 JavaThread "Monitor Deflation Thread" daemon [_thread_blocked, id=13120, stack(0x000000703ca00000,0x000000703cb00000)]
  0x00000228b687ddd0 JavaThread "C2 CompilerThread0" daemon [_thread_blocked, id=7828, stack(0x000000703cb00000,0x000000703cc00000)]
  0x00000228b6883010 JavaThread "C1 CompilerThread0" daemon [_thread_blocked, id=14952, stack(0x000000703cc00000,0x000000703cd00000)]
  0x00000228bbac0800 JavaThread "Sweeper thread" daemon [_thread_blocked, id=17824, stack(0x000000703cd00000,0x000000703ce00000)]
  0x00000228a2a6c990 JavaThread "Common-Cleaner" daemon [_thread_blocked, id=23988, stack(0x000000703ce00000,0x000000703cf00000)]
  0x00000228bbde9900 JavaThread "Notification Thread" daemon [_thread_blocked, id=4992, stack(0x000000703cf00000,0x000000703d000000)]
  0x00000228bbe78a50 JavaThread "C2 CompilerThread1" daemon [_thread_in_native, id=13520, stack(0x000000703d100000,0x000000703d200000)]

Other Threads:
  0x00000228a2a8e370 VMThread "VM Thread" [stack: 0x000000703c400000,0x000000703c500000] [id=15768]
  0x00000228bbcef780 WatcherThread [stack: 0x000000703d000000,0x000000703d100000] [id=22576]
  0x00000228a2a1e670 GCTaskThread "GC Thread#0" [stack: 0x000000703c300000,0x000000703c400000] [id=24400]

Threads with active compile tasks:
C2 CompilerThread1      778  535       4       lombok.patcher.PatchScript::classMatches (41 bytes)

VM state: not at safepoint (normal execution)

VM Mutex/Monitor currently owned by a thread:  ([mutex/lock_event])
[0x00000228a07547b0] Metaspace_lock - owner thread: 0x00000228a2a069a0

Heap address: 0x00000000c0000000, size: 1024 MB, Compressed Oops mode: 32-bit

CDS archive(s) not mapped
Compressed class space mapped at: 0x0000000100000000-0x0000000140000000, reserved size: 1073741824
Narrow klass base: 0x0000000000000000, Narrow klass shift: 3, Narrow klass range: 0x140000000

GC Precious Log:
 CPUs: 4 total, 4 available
 Memory: 16342M
 Large Page Support: Disabled
 NUMA Support: Disabled
 Compressed Oops: Enabled (32-bit)
 Alignments: Space 512K, Generation 512K, Heap 2M
 Heap Min Capacity: 100M
 Heap Initial Capacity: 100M
 Heap Max Capacity: 1G
 Pre-touch: Disabled
 Parallel Workers: 4

Heap:
 PSYoungGen      total 29696K, used 11479K [0x00000000eab00000, 0x00000000ecc00000, 0x0000000100000000)
  eden space 25600K, 44% used [0x00000000eab00000,0x00000000eb635d98,0x00000000ec400000)
  from space 4096K, 0% used [0x00000000ec800000,0x00000000ec800000,0x00000000ecc00000)
  to   space 4096K, 0% used [0x00000000ec400000,0x00000000ec400000,0x00000000ec800000)
 ParOldGen       total 68608K, used 0K [0x00000000c0000000, 0x00000000c4300000, 0x00000000eab00000)
  object space 68608K, 0% used [0x00000000c0000000,0x00000000c0000000,0x00000000c4300000)
 Metaspace       used 8066K, committed 8128K, reserved 1114112K
  class space    used 782K, committed 832K, reserved 1048576K

Card table byte_map: [0x00000228a2390000,0x00000228a25a0000] _byte_map_base: 0x00000228a1d90000

Marking Bits: (ParMarkBitMap*) 0x00007ffd387ad820
 Begin Bits: [0x00000228b4690000, 0x00000228b5690000)
 End Bits:   [0x00000228b5690000, 0x00000228b6690000)

Polling page: 0x00000228a0910000

Metaspace:

Usage:
  Non-class:      7.11 MB used.
      Class:    782.98 KB used.
       Both:      7.88 MB used.

Virtual space:
  Non-class space:       64.00 MB reserved,       7.12 MB ( 11%) committed,  1 nodes.
      Class space:        1.00 GB reserved,     832.00 KB ( <1%) committed,  1 nodes.
             Both:        1.06 GB reserved,       7.94 MB ( <1%) committed. 

Chunk freelists:
   Non-Class:  8.00 MB
       Class:  15.21 MB
        Both:  23.21 MB

MaxMetaspaceSize: unlimited
CompressedClassSpaceSize: 1.00 GB
Initial GC threshold: 21.00 MB
Current GC threshold: 21.00 MB
CDS: off
MetaspaceReclaimPolicy: balanced
 - commit_granule_bytes: 65536.
 - commit_granule_words: 8192.
 - virtual_space_node_default_size: 8388608.
 - enlarge_chunks_in_place: 1.
 - new_chunks_are_fully_committed: 0.
 - uncommit_free_chunks: 1.
 - use_allocation_guard: 0.
 - handle_deallocations: 1.


Internal statistics:

num_allocs_failed_limit: 0.
num_arena_births: 10.
num_arena_deaths: 0.
num_vsnodes_births: 2.
num_vsnodes_deaths: 0.
num_space_committed: 127.
num_space_uncommitted: 0.
num_chunks_returned_to_freelist: 0.
num_chunks_taken_from_freelist: 40.
num_chunk_merges: 0.
num_chunk_splits: 23.
num_chunks_enlarged: 22.
num_inconsistent_stats: 0.

CodeHeap 'non-profiled nmethods': size=120000Kb used=197Kb max_used=197Kb free=119802Kb
 bounds [0x00000228ad160000, 0x00000228ad3d0000, 0x00000228b4690000]
CodeHeap 'profiled nmethods': size=120000Kb used=790Kb max_used=790Kb free=119209Kb
 bounds [0x00000228a5690000, 0x00000228a5900000, 0x00000228acbc0000]
CodeHeap 'non-nmethods': size=5760Kb used=1128Kb max_used=1146Kb free=4632Kb
 bounds [0x00000228acbc0000, 0x00000228ace30000, 0x00000228ad160000]
 total_blobs=948 nmethods=535 adapters=328
 compilation: enabled
              stopped_count=0, restarted_count=0
 full_count=0

Compilation events (20 events):
Event: 0.711 Thread 0x00000228b6883010  527       3       java.util.LinkedHashMap::newNode (23 bytes)
Event: 0.711 Thread 0x00000228b6883010 nmethod 527 0x00000228a5751d90 code [0x00000228a5751f40, 0x00000228a5752208]
Event: 0.712 Thread 0x00000228b6883010  528       3       java.util.LinkedHashMap$Entry::<init> (10 bytes)
Event: 0.712 Thread 0x00000228b6883010 nmethod 528 0x00000228a5752390 code [0x00000228a5752540, 0x00000228a5752758]
Event: 0.712 Thread 0x00000228b6883010  529       3       java.util.LinkedHashMap::linkNodeLast (33 bytes)
Event: 0.712 Thread 0x00000228b6883010 nmethod 529 0x00000228a5752890 code [0x00000228a5752a40, 0x00000228a5752c38]
Event: 0.712 Thread 0x00000228bbe78a50 nmethod 519 0x00000228ad18cc90 code [0x00000228ad18ce00, 0x00000228ad18d0b8]
Event: 0.712 Thread 0x00000228bbe78a50  524       4       java.lang.Integer::parseInt (264 bytes)
Event: 0.717 Thread 0x00000228bbe78a50 nmethod 524 0x00000228ad18d210 code [0x00000228ad18d3c0, 0x00000228ad18d798]
Event: 0.717 Thread 0x00000228bbe78a50  522       4       java.lang.String::checkBoundsBeginEnd (63 bytes)
Event: 0.717 Thread 0x00000228bbe78a50 nmethod 522 0x00000228ad18dc90 code [0x00000228ad18de00, 0x00000228ad18deb8]
Event: 0.721 Thread 0x00000228b6883010  530       3       java.util.regex.Pattern::isSupplementary (21 bytes)
Event: 0.721 Thread 0x00000228b6883010 nmethod 530 0x00000228a5752d10 code [0x00000228a5752ec0, 0x00000228a5753138]
Event: 0.722 Thread 0x00000228b6883010  531   !   3       java.lang.invoke.MemberName::getMethodType (211 bytes)
Event: 0.723 Thread 0x00000228b6883010 nmethod 531 0x00000228a5753210 code [0x00000228a5753500, 0x00000228a57549b8]
Event: 0.724 Thread 0x00000228b6883010  534       3       java.util.regex.Pattern::peek (26 bytes)
Event: 0.724 Thread 0x00000228b6883010 nmethod 534 0x00000228a5754f90 code [0x00000228a5755140, 0x00000228a57553a8]
Event: 0.724 Thread 0x00000228b6883010  532       3       java.lang.Enum::equals (11 bytes)
Event: 0.724 Thread 0x00000228b6883010 nmethod 532 0x00000228a5755510 code [0x00000228a57556a0, 0x00000228a5755818]
Event: 0.729 Thread 0x00000228bbe78a50  535       4       lombok.patcher.PatchScript::classMatches (41 bytes)

GC Heap History (0 events):
No events

Dll operation events (8 events):
Event: 0.015 Loaded shared library c:\Users\Bienvenido\.vscode\extensions\redhat.java-1.33.0-win32-x64\jre\17.0.11-win32-x86_64\bin\java.dll
Event: 0.199 Loaded shared library c:\Users\Bienvenido\.vscode\extensions\redhat.java-1.33.0-win32-x64\jre\17.0.11-win32-x86_64\bin\zip.dll
Event: 0.206 Loaded shared library C:\Users\Bienvenido\.vscode\extensions\redhat.java-1.33.0-win32-x64\jre\17.0.11-win32-x86_64\bin\instrument.dll
Event: 0.229 Loaded shared library C:\Users\Bienvenido\.vscode\extensions\redhat.java-1.33.0-win32-x64\jre\17.0.11-win32-x86_64\bin\net.dll
Event: 0.233 Loaded shared library C:\Users\Bienvenido\.vscode\extensions\redhat.java-1.33.0-win32-x64\jre\17.0.11-win32-x86_64\bin\nio.dll
Event: 0.246 Loaded shared library C:\Users\Bienvenido\.vscode\extensions\redhat.java-1.33.0-win32-x64\jre\17.0.11-win32-x86_64\bin\zip.dll
Event: 0.275 Loaded shared library C:\Users\Bienvenido\.vscode\extensions\redhat.java-1.33.0-win32-x64\jre\17.0.11-win32-x86_64\bin\jimage.dll
Event: 0.447 Loaded shared library c:\Users\Bienvenido\.vscode\extensions\redhat.java-1.33.0-win32-x64\jre\17.0.11-win32-x86_64\bin\verify.dll

Deoptimization events (20 events):
Event: 0.599 Thread 0x00000228a2a069a0 DEOPT PACKING pc=0x00000228a56aaf80 sp=0x000000703c2fbec0
Event: 0.599 Thread 0x00000228a2a069a0 DEOPT UNPACKING pc=0x00000228acc16e43 sp=0x000000703c2fb380 mode 0
Event: 0.621 Thread 0x00000228a2a069a0 DEOPT PACKING pc=0x00000228a56aaf80 sp=0x000000703c2fad30
Event: 0.621 Thread 0x00000228a2a069a0 DEOPT UNPACKING pc=0x00000228acc16e43 sp=0x000000703c2fa1f0 mode 0
Event: 0.622 Thread 0x00000228a2a069a0 DEOPT PACKING pc=0x00000228a56aaf80 sp=0x000000703c2fc350
Event: 0.622 Thread 0x00000228a2a069a0 DEOPT UNPACKING pc=0x00000228acc16e43 sp=0x000000703c2fb810 mode 0
Event: 0.624 Thread 0x00000228a2a069a0 DEOPT PACKING pc=0x00000228a56aaf80 sp=0x000000703c2fbbc0
Event: 0.624 Thread 0x00000228a2a069a0 DEOPT UNPACKING pc=0x00000228acc16e43 sp=0x000000703c2fb080 mode 0
Event: 0.625 Thread 0x00000228a2a069a0 DEOPT PACKING pc=0x00000228a56aaf80 sp=0x000000703c2fc1d0
Event: 0.625 Thread 0x00000228a2a069a0 DEOPT UNPACKING pc=0x00000228acc16e43 sp=0x000000703c2fb690 mode 0
Event: 0.629 Thread 0x00000228a2a069a0 DEOPT PACKING pc=0x00000228a56aaf80 sp=0x000000703c2fadf0
Event: 0.629 Thread 0x00000228a2a069a0 DEOPT UNPACKING pc=0x00000228acc16e43 sp=0x000000703c2fa2b0 mode 0
Event: 0.682 Thread 0x00000228a2a069a0 Uncommon trap: trap_request=0xffffff45 fr.pc=0x00000228ad1772c0 relative=0x00000000000000c0
Event: 0.682 Thread 0x00000228a2a069a0 Uncommon trap: reason=unstable_if action=reinterpret pc=0x00000228ad1772c0 method=java.net.URI.match(CJJ)Z @ 45 c2
Event: 0.682 Thread 0x00000228a2a069a0 DEOPT PACKING pc=0x00000228ad1772c0 sp=0x000000703c2fca00
Event: 0.682 Thread 0x00000228a2a069a0 DEOPT UNPACKING pc=0x00000228acc166a3 sp=0x000000703c2fc988 mode 2
Event: 0.693 Thread 0x00000228a2a069a0 Uncommon trap: trap_request=0xffffff45 fr.pc=0x00000228ad18917c relative=0x000000000000061c
Event: 0.693 Thread 0x00000228a2a069a0 Uncommon trap: reason=unstable_if action=reinterpret pc=0x00000228ad18917c method=java.lang.String.replace(Ljava/lang/CharSequence;Ljava/lang/CharSequence;)Ljava/lang/String; @ 48 c2
Event: 0.693 Thread 0x00000228a2a069a0 DEOPT PACKING pc=0x00000228ad18917c sp=0x000000703c2fc970
Event: 0.693 Thread 0x00000228a2a069a0 DEOPT UNPACKING pc=0x00000228acc166a3 sp=0x000000703c2fc8f0 mode 2

Classes unloaded (0 events):
No events

Classes redefined (0 events):
No events

Internal exceptions (2 events):
Event: 0.151 Thread 0x00000228a2a069a0 Exception <a 'java/lang/NoSuchMethodError'{0x00000000eacb5118}: 'void java.lang.invoke.DirectMethodHandle$Holder.invokeStatic(java.lang.Object, java.lang.Object, java.lang.Object)'> (0x00000000eacb5118) 
thrown [s\src\hotspot\share\interpreter\linkResolver.cpp, line 759]
Event: 0.477 Thread 0x00000228a2a069a0 Exception <a 'java/lang/reflect/InvocationTargetException'{0x00000000eafe99b8}> (0x00000000eafe99b8) 
thrown [s\src\hotspot\share\runtime\reflection.cpp, line 1121]

VM Operations (4 events):
Event: 0.156 Executing VM operation: HandshakeAllThreads
Event: 0.156 Executing VM operation: HandshakeAllThreads done
Event: 0.345 Executing VM operation: HandshakeAllThreads
Event: 0.345 Executing VM operation: HandshakeAllThreads done

Events (20 events):
Event: 0.727 loading class java/time/LocalDateTime done
Event: 0.727 loading class java/time/ZonedDateTime
Event: 0.728 loading class java/time/chrono/ChronoZonedDateTime
Event: 0.728 loading class java/time/chrono/ChronoZonedDateTime done
Event: 0.728 loading class java/time/ZonedDateTime done
Event: 0.728 loading class java/time/LocalDate
Event: 0.729 loading class java/time/chrono/ChronoLocalDate
Event: 0.729 loading class java/time/chrono/ChronoLocalDate done
Event: 0.729 loading class java/time/LocalDate done
Event: 0.729 loading class java/time/temporal/ChronoField
Event: 0.729 loading class java/time/temporal/TemporalField
Event: 0.729 loading class java/time/temporal/TemporalField done
Event: 0.729 loading class java/time/temporal/ChronoField done
Event: 0.729 loading class java/time/temporal/ChronoUnit
Event: 0.730 loading class java/time/temporal/TemporalUnit
Event: 0.730 loading class java/time/temporal/TemporalUnit done
Event: 0.730 loading class java/time/temporal/ChronoUnit done
Event: 0.730 loading class java/time/Duration
Event: 0.730 loading class java/time/temporal/TemporalAmount
Event: 0.730 loading class java/time/temporal/TemporalAmount done


Dynamic libraries:
0x00007ff750e80000 - 0x00007ff750e8e000 	c:\Users\Bienvenido\.vscode\extensions\redhat.java-1.33.0-win32-x64\jre\17.0.11-win32-x86_64\bin\java.exe
0x00007ffe02d30000 - 0x00007ffe02f28000 	C:\WINDOWS\SYSTEM32\ntdll.dll
0x00007ffe01f50000 - 0x00007ffe02011000 	C:\WINDOWS\System32\KERNEL32.DLL
0x00007ffe007e0000 - 0x00007ffe00ad6000 	C:\WINDOWS\System32\KERNELBASE.dll
0x00007ffdfbac0000 - 0x00007ffdfbb54000 	C:\WINDOWS\SYSTEM32\apphelp.dll
0x00007ffe006b0000 - 0x00007ffe007b0000 	C:\WINDOWS\System32\ucrtbase.dll
0x00007ffdfd0c0000 - 0x00007ffdfd0d7000 	c:\Users\Bienvenido\.vscode\extensions\redhat.java-1.33.0-win32-x64\jre\17.0.11-win32-x86_64\bin\jli.dll
0x00007ffe01c60000 - 0x00007ffe01dff000 	C:\WINDOWS\System32\USER32.dll
0x00007ffe007b0000 - 0x00007ffe007d2000 	C:\WINDOWS\System32\win32u.dll
0x00007ffe01f20000 - 0x00007ffe01f4b000 	C:\WINDOWS\System32\GDI32.dll
0x00007ffe003e0000 - 0x00007ffe004f7000 	C:\WINDOWS\System32\gdi32full.dll
0x00007ffe00500000 - 0x00007ffe0059d000 	C:\WINDOWS\System32\msvcp_win.dll
0x00007ffdfa740000 - 0x00007ffdfa75b000 	c:\Users\Bienvenido\.vscode\extensions\redhat.java-1.33.0-win32-x64\jre\17.0.11-win32-x86_64\bin\VCRUNTIME140.dll
0x00007ffdf11e0000 - 0x00007ffdf147a000 	C:\WINDOWS\WinSxS\amd64_microsoft.windows.common-controls_6595b64144ccf1df_6.0.19041.4355_none_60b8b9eb71f62e16\COMCTL32.dll
0x00007ffe02ac0000 - 0x00007ffe02b5e000 	C:\WINDOWS\System32\msvcrt.dll
0x00007ffe01ad0000 - 0x00007ffe01aff000 	C:\WINDOWS\System32\IMM32.DLL
0x00007ffdfd270000 - 0x00007ffdfd27c000 	c:\Users\Bienvenido\.vscode\extensions\redhat.java-1.33.0-win32-x64\jre\17.0.11-win32-x86_64\bin\vcruntime140_1.dll
0x00007ffdb7c50000 - 0x00007ffdb7cdd000 	c:\Users\Bienvenido\.vscode\extensions\redhat.java-1.33.0-win32-x64\jre\17.0.11-win32-x86_64\bin\msvcp140.dll
0x00007ffd37c10000 - 0x00007ffd38872000 	c:\Users\Bienvenido\.vscode\extensions\redhat.java-1.33.0-win32-x64\jre\17.0.11-win32-x86_64\bin\server\jvm.dll
0x00007ffe010a0000 - 0x00007ffe01150000 	C:\WINDOWS\System32\ADVAPI32.dll
0x00007ffe00e10000 - 0x00007ffe00eb0000 	C:\WINDOWS\System32\sechost.dll
0x00007ffe02b60000 - 0x00007ffe02c83000 	C:\WINDOWS\System32\RPCRT4.dll
0x00007ffe00680000 - 0x00007ffe006a7000 	C:\WINDOWS\System32\bcrypt.dll
0x00007ffdff960000 - 0x00007ffdff9ab000 	C:\WINDOWS\SYSTEM32\POWRPROF.dll
0x00007ffdd3620000 - 0x00007ffdd3629000 	C:\WINDOWS\SYSTEM32\WSOCK32.dll
0x00007ffe02390000 - 0x00007ffe023fb000 	C:\WINDOWS\System32\WS2_32.dll
0x00007ffdf3400000 - 0x00007ffdf3427000 	C:\WINDOWS\SYSTEM32\WINMM.dll
0x00007ffdf78d0000 - 0x00007ffdf78da000 	C:\WINDOWS\SYSTEM32\VERSION.dll
0x00007ffdff7d0000 - 0x00007ffdff7e2000 	C:\WINDOWS\SYSTEM32\UMPDC.dll
0x00007ffdfec10000 - 0x00007ffdfec22000 	C:\WINDOWS\SYSTEM32\kernel.appcore.dll
0x00007ffdfd240000 - 0x00007ffdfd24a000 	c:\Users\Bienvenido\.vscode\extensions\redhat.java-1.33.0-win32-x64\jre\17.0.11-win32-x86_64\bin\jimage.dll
0x00007ffdfdfa0000 - 0x00007ffdfe184000 	C:\WINDOWS\SYSTEM32\DBGHELP.DLL
0x00007ffde1480000 - 0x00007ffde14b4000 	C:\WINDOWS\SYSTEM32\dbgcore.DLL
0x00007ffe005f0000 - 0x00007ffe00672000 	C:\WINDOWS\System32\bcryptPrimitives.dll
0x00007ffdfc960000 - 0x00007ffdfc96e000 	c:\Users\Bienvenido\.vscode\extensions\redhat.java-1.33.0-win32-x64\jre\17.0.11-win32-x86_64\bin\instrument.dll
0x00007ffde6670000 - 0x00007ffde6695000 	c:\Users\Bienvenido\.vscode\extensions\redhat.java-1.33.0-win32-x64\jre\17.0.11-win32-x86_64\bin\java.dll
0x00007ffdf6d30000 - 0x00007ffdf6d48000 	c:\Users\Bienvenido\.vscode\extensions\redhat.java-1.33.0-win32-x64\jre\17.0.11-win32-x86_64\bin\zip.dll
0x00007ffe01150000 - 0x00007ffe018bc000 	C:\WINDOWS\System32\SHELL32.dll
0x00007ffdfe190000 - 0x00007ffdfe92e000 	C:\WINDOWS\SYSTEM32\windows.storage.dll
0x00007ffe02030000 - 0x00007ffe02383000 	C:\WINDOWS\System32\combase.dll
0x00007ffdffe00000 - 0x00007ffdffe2e000 	C:\WINDOWS\SYSTEM32\Wldp.dll
0x00007ffe01a00000 - 0x00007ffe01acd000 	C:\WINDOWS\System32\OLEAUT32.dll
0x00007ffe018c0000 - 0x00007ffe0196d000 	C:\WINDOWS\System32\SHCORE.dll
0x00007ffe02c90000 - 0x00007ffe02ce5000 	C:\WINDOWS\System32\shlwapi.dll
0x00007ffe00310000 - 0x00007ffe00334000 	C:\WINDOWS\SYSTEM32\profapi.dll
0x00007ffde6760000 - 0x00007ffde6779000 	C:\Users\Bienvenido\.vscode\extensions\redhat.java-1.33.0-win32-x64\jre\17.0.11-win32-x86_64\bin\net.dll
0x00007ffdf8580000 - 0x00007ffdf868a000 	C:\WINDOWS\SYSTEM32\WINHTTP.dll
0x00007ffdffb60000 - 0x00007ffdffbca000 	C:\WINDOWS\system32\mswsock.dll
0x00007ffde6650000 - 0x00007ffde6666000 	C:\Users\Bienvenido\.vscode\extensions\redhat.java-1.33.0-win32-x64\jre\17.0.11-win32-x86_64\bin\nio.dll
0x00007ffde8370000 - 0x00007ffde8380000 	c:\Users\Bienvenido\.vscode\extensions\redhat.java-1.33.0-win32-x64\jre\17.0.11-win32-x86_64\bin\verify.dll

dbghelp: loaded successfully - version: 4.0.5 - missing functions: none
symbol engine: initialized successfully - sym options: 0x614 - pdb path: .;c:\Users\Bienvenido\.vscode\extensions\redhat.java-1.33.0-win32-x64\jre\17.0.11-win32-x86_64\bin;C:\WINDOWS\SYSTEM32;C:\WINDOWS\WinSxS\amd64_microsoft.windows.common-controls_6595b64144ccf1df_6.0.19041.4355_none_60b8b9eb71f62e16;c:\Users\Bienvenido\.vscode\extensions\redhat.java-1.33.0-win32-x64\jre\17.0.11-win32-x86_64\bin\server

VM Arguments:
jvm_args: --add-modules=ALL-SYSTEM --add-opens=java.base/java.util=ALL-UNNAMED --add-opens=java.base/java.lang=ALL-UNNAMED --add-opens=java.base/sun.nio.fs=ALL-UNNAMED -Declipse.application=org.eclipse.jdt.ls.core.id1 -Dosgi.bundles.defaultStartLevel=4 -Declipse.product=org.eclipse.jdt.ls.core.product -Djava.import.generatesMetadataFilesAtProjectRoot=false -DDetectVMInstallationsJob.disabled=true -Dfile.encoding=utf8 -XX:+UseParallelGC -XX:GCTimeRatio=4 -XX:AdaptiveSizePolicyWeight=90 -Dsun.zip.disableMemoryMapping=true -Xmx1G -Xms100m -Xlog:disable -javaagent:c:\Users\Bienvenido\.vscode\extensions\redhat.java-1.33.0-win32-x64\lombok\lombok-1.18.33.jar -XX:+HeapDumpOnOutOfMemoryError -XX:HeapDumpPath=c:\Users\Bienvenido\AppData\Roaming\Code\User\workspaceStorage\a24a19b3159e2f2d5f7ebc0d3659f854\redhat.java -Daether.dependencyCollector.impl=bf 
java_command: c:\Users\Bienvenido\.vscode\extensions\redhat.java-1.33.0-win32-x64\server\plugins\org.eclipse.equinox.launcher_1.6.900.v20240613-2009.jar -configuration c:\Users\Bienvenido\AppData\Roaming\Code\User\globalStorage\redhat.java\1.33.0\config_win -data c:\Users\Bienvenido\AppData\Roaming\Code\User\workspaceStorage\a24a19b3159e2f2d5f7ebc0d3659f854\redhat.java\jdt_ws --pipe=\\.\pipe\lsp-956f428c4dce548a2da29cbe0ad1f157-sock
java_class_path (initial): c:\Users\Bienvenido\.vscode\extensions\redhat.java-1.33.0-win32-x64\server\plugins\org.eclipse.equinox.launcher_1.6.900.v20240613-2009.jar
Launcher Type: SUN_STANDARD

[Global flags]
    uintx AdaptiveSizePolicyWeight                 = 90                                        {product} {command line}
     intx CICompilerCount                          = 3                                         {product} {ergonomic}
    uintx GCTimeRatio                              = 4                                         {product} {command line}
     bool HeapDumpOnOutOfMemoryError               = true                                   {manageable} {command line}
    ccstr HeapDumpPath                             = c:\Users\Bienvenido\AppData\Roaming\Code\User\workspaceStorage\a24a19b3159e2f2d5f7ebc0d3659f854\redhat.java         {manageable} {command line}
   size_t InitialHeapSize                          = 104857600                                 {product} {command line}
   size_t MaxHeapSize                              = 1073741824                                {product} {command line}
   size_t MaxNewSize                               = 357564416                                 {product} {ergonomic}
   size_t MinHeapDeltaBytes                        = 524288                                    {product} {ergonomic}
   size_t MinHeapSize                              = 104857600                                 {product} {command line}
   size_t NewSize                                  = 34603008                                  {product} {ergonomic}
    uintx NonNMethodCodeHeapSize                   = 5832780                                {pd product} {ergonomic}
    uintx NonProfiledCodeHeapSize                  = 122912730                              {pd product} {ergonomic}
   size_t OldSize                                  = 70254592                                  {product} {ergonomic}
    uintx ProfiledCodeHeapSize                     = 122912730                              {pd product} {ergonomic}
    uintx ReservedCodeCacheSize                    = 251658240                              {pd product} {ergonomic}
     bool SegmentedCodeCache                       = true                                      {product} {ergonomic}
   size_t SoftMaxHeapSize                          = 1073741824                             {manageable} {ergonomic}
     bool UseCompressedClassPointers               = true                           {product lp64_product} {ergonomic}
     bool UseCompressedOops                        = true                           {product lp64_product} {ergonomic}
     bool UseLargePagesIndividualAllocation        = false                                  {pd product} {ergonomic}
     bool UseParallelGC                            = true                                      {product} {command line}

Logging:
Log output configuration:
 #0: stdout all=off uptime,level,tags
 #1: stderr all=off uptime,level,tags

Environment Variables:
JAVA_HOME=C:\Program Files\Java\jdk-17\
PATH=C:\Python310\Scripts\;C:\Python310\;C:\Program Files\Common Files\Oracle\Java\javapath;C:\Python39\Scripts\;C:\Python39\;C:\Program Files (x86)\Common Files\Oracle\Java\javapath;C:\Python27\;C:\Python27\Scripts;C:\Program Files\Microsoft MPI\Bin\;C:\WINDOWS\system32;C:\WINDOWS;C:\WINDOWS\System32\Wbem;C:\WINDOWS\System32\WindowsPowerShell\v1.0\;C:\WINDOWS\System32\OpenSSH\;C:\Program Files\dotnet\;C:\Program Files\Microsoft SQL Server\130\Tools\Binn\;C:\Program Files\Microsoft SQL Server\Client SDK\ODBC\170\Tools\Binn\;C:\Program Files (x86)\Microsoft SQL Server\150\Tools\Binn\;C:\Program Files\Microsoft SQL Server\150\Tools\Binn\;C:\Program Files (x86)\Microsoft SQL Server\150\DTS\Binn\;C:\Program Files\Microsoft SQL Server\150\DTS\Binn\;C:\ProgramData\chocolatey\bin;d:\Program Files (x86)\Brackets\command;C:\Program Files\Java\jdk-17\\bin;C:\Program Files\PuTTY\;C:\Program Files\TortoiseSVN\bin;D:\Program Files\nodejs\;C:\Program Files\Git\cmd;D:\gradle\bin;C:\Program Files\Java\jdk-17\;C:\Users\Bienvenido\AppData\Local\Programs\Python\Python38-32\Scripts\;C:\Users\Bienvenido\AppData\Local\Programs\Python\Python38-32\;C:\Users\Bienvenido\AppData\Local\Microsoft\WindowsApps;C:\Users\Bienvenido\AppData\Local\Programs\Microsoft VS Code\bin;d:\Program Files\JetBrains\IntelliJ IDEA Community Edition 2020.1\bin;D:\Program Files\MongoDB\Server\4.4\bin;C:\Users\Bienvenido\AppData\Local\Microsoft\WindowsApps;C:\Users\Bienvenido\AppData\Local\GitHubDesktop\bin;C:\Users\Bienvenido\AppData\Roaming\npm;d:\Program Files\JetBrains\IntelliJ IDEA Community Edition 2022.1\bin;
USERNAME=Bienvenido
OS=Windows_NT
PROCESSOR_IDENTIFIER=Intel64 Family 6 Model 42 Stepping 7, GenuineIntel
TMP=C:\Users\BIENVE~1\AppData\Local\Temp
TEMP=C:\Users\BIENVE~1\AppData\Local\Temp



Periodic native trim disabled


---------------  S Y S T E M  ---------------

OS:
 Windows 10 , 64 bit Build 19041 (10.0.19041.4597)
OS uptime: 8 days 8:47 hours

CPU: total 4 (initial active 4) (4 cores per cpu, 2 threads per core) family 6 model 42 stepping 7 microcode 0x2f, cx8, cmov, fxsr, ht, mmx, sse, sse2, sse3, ssse3, sse4.1, sse4.2, popcnt, tsc, tscinvbit, avx, aes, clmul, vzeroupper, clflush
Processor Information for all 4 processors :
  Max Mhz: 3401, Current Mhz: 3401, Mhz Limit: 3401

Memory: 4k page, system-wide physical 16342M (5129M free)
TotalPageFile size 17366M (AvailPageFile size 8M)
current process WorkingSet (physical memory assigned to process): 51M, peak: 51M
current process commit charge ("private bytes"): 180M, peak: 180M

vm_info: OpenJDK 64-Bit Server VM (17.0.11+9) for windows-amd64 JRE (17.0.11+9), built on Apr 17 2024 06:07:48 by "admin" with MS VC++ 16.10 / 16.11 (VS2019)

END.
