#
# There is insufficient memory for the Java Runtime Environment to continue.
# Native memory allocation (malloc) failed to allocate 504256 bytes. Error detail: Chunk::new
# Possible reasons:
#   The system is out of physical RAM or swap space
#   This process is running with CompressedOops enabled, and the Java Heap may be blocking the growth of the native heap
# Possible solutions:
#   Reduce memory load on the system
#   Increase physical memory or swap space
#   Check if swap backing store is full
#   Decrease Java heap size (-Xmx/-Xms)
#   Decrease number of Java threads
#   Decrease Java thread stack sizes (-Xss)
#   Set larger code cache with -XX:ReservedCodeCacheSize=
#   JVM is running with Unscaled Compressed Oops mode in which the Java heap is
#     placed in the first 4GB address space. The Java Heap base address is the
#     maximum limit for the native heap growth. Please use -XX:HeapBaseMinAddress
#     to set the Java Heap base and to place the Java Heap above 4GB virtual address.
# This output file may be truncated or incomplete.
#
#  Out of Memory Error (arena.cpp:191), pid=2804, tid=22388
#
# JRE version: OpenJDK Runtime Environment Temurin-17.0.11+9 (17.0.11+9) (build 17.0.11+9)
# Java VM: OpenJDK 64-Bit Server VM Temurin-17.0.11+9 (17.0.11+9, mixed mode, tiered, compressed oops, compressed class ptrs, parallel gc, windows-amd64)
# No core dump will be written. Minidumps are not enabled by default on client versions of Windows
#

---------------  S U M M A R Y ------------

Command Line: --add-modules=ALL-SYSTEM --add-opens=java.base/java.util=ALL-UNNAMED --add-opens=java.base/java.lang=ALL-UNNAMED --add-opens=java.base/sun.nio.fs=ALL-UNNAMED -Declipse.application=org.eclipse.jdt.ls.core.id1 -Dosgi.bundles.defaultStartLevel=4 -Declipse.product=org.eclipse.jdt.ls.core.product -Djava.import.generatesMetadataFilesAtProjectRoot=false -DDetectVMInstallationsJob.disabled=true -Dfile.encoding=utf8 -XX:+UseParallelGC -XX:GCTimeRatio=4 -XX:AdaptiveSizePolicyWeight=90 -Dsun.zip.disableMemoryMapping=true -Xmx1G -Xms100m -Xlog:disable -javaagent:c:\Users\Bienvenido\.vscode\extensions\redhat.java-1.33.0-win32-x64\lombok\lombok-1.18.33.jar c:\Users\Bienvenido\.vscode\extensions\redhat.java-1.33.0-win32-x64\server\plugins\org.eclipse.equinox.launcher_1.6.900.v20240613-2009.jar -configuration c:\Users\Bienvenido\AppData\Roaming\Code\User\globalStorage\redhat.java\1.33.0\config_ss_win -data c:\Users\Bienvenido\AppData\Roaming\Code\User\workspaceStorage\a24a19b3159e2f2d5f7ebc0d3659f854\redhat.java\ss_ws --pipe=\\.\pipe\lsp-3277d64822c5043247fa1c006ce2ec93-sock

Host: Intel(R) Core(TM) i7-2600 CPU @ 3.40GHz, 4 cores, 15G,  Windows 10 , 64 bit Build 19041 (10.0.19041.4597)
Time: Mon Aug 12 20:20:50 2024 Central Standard Time (Mexico) elapsed time: 0.886576 seconds (0d 0h 0m 0s)

---------------  T H R E A D  ---------------

Current thread (0x0000024343d8ca90):  JavaThread "C2 CompilerThread1" daemon [_thread_in_native, id=22388, stack(0x0000006e3a200000,0x0000006e3a300000)]


Current CompileTask:
C2:    886  692   !   4       java.util.jar.Attributes::read (498 bytes)

Stack: [0x0000006e3a200000,0x0000006e3a300000]
Native frames: (J=compiled Java code, j=interpreted, Vv=VM code, C=native code)
V  [jvm.dll+0x67d429]
V  [jvm.dll+0x834b7a]
V  [jvm.dll+0x83663e]
V  [jvm.dll+0x836ca3]
V  [jvm.dll+0x247dbf]
V  [jvm.dll+0xac534]
V  [jvm.dll+0xacb7c]
V  [jvm.dll+0x366647]
V  [jvm.dll+0x330bba]
V  [jvm.dll+0x33005a]
V  [jvm.dll+0x21a471]
V  [jvm.dll+0x2198b1]
V  [jvm.dll+0x1a534d]
V  [jvm.dll+0x2295cd]
V  [jvm.dll+0x22779c]
V  [jvm.dll+0x7e9d07]
V  [jvm.dll+0x7e410a]
V  [jvm.dll+0x67c315]
C  [ucrtbase.dll+0x21bb2]
C  [KERNEL32.DLL+0x17374]
C  [ntdll.dll+0x4cc91]


---------------  P R O C E S S  ---------------

Threads class SMR info:
_java_thread_list=0x0000024343c56ef0, length=13, elements={
0x000002432a9619c0, 0x000002432aa1a570, 0x000002432aa1cce0, 0x000002433e7cd270,
0x000002433e7ce0f0, 0x000002433e7d0d80, 0x000002433e7d28b0, 0x000002433e7d4970,
0x00000243439c98e0, 0x00000243439ce5c0, 0x0000024343a61f70, 0x0000024343b5e690,
0x0000024343d8ca90
}

Java Threads: ( => current thread )
  0x000002432a9619c0 JavaThread "main" [_thread_in_Java, id=5688, stack(0x0000006e39300000,0x0000006e39400000)]
  0x000002432aa1a570 JavaThread "Reference Handler" daemon [_thread_blocked, id=17324, stack(0x0000006e39600000,0x0000006e39700000)]
  0x000002432aa1cce0 JavaThread "Finalizer" daemon [_thread_blocked, id=6208, stack(0x0000006e39700000,0x0000006e39800000)]
  0x000002433e7cd270 JavaThread "Signal Dispatcher" daemon [_thread_blocked, id=20096, stack(0x0000006e39800000,0x0000006e39900000)]
  0x000002433e7ce0f0 JavaThread "Attach Listener" daemon [_thread_blocked, id=13476, stack(0x0000006e39900000,0x0000006e39a00000)]
  0x000002433e7d0d80 JavaThread "Service Thread" daemon [_thread_blocked, id=19948, stack(0x0000006e39a00000,0x0000006e39b00000)]
  0x000002433e7d28b0 JavaThread "Monitor Deflation Thread" daemon [_thread_blocked, id=24252, stack(0x0000006e39b00000,0x0000006e39c00000)]
  0x000002433e7d4970 JavaThread "C2 CompilerThread0" daemon [_thread_in_native, id=11148, stack(0x0000006e39c00000,0x0000006e39d00000)]
  0x00000243439c98e0 JavaThread "C1 CompilerThread0" daemon [_thread_blocked, id=21608, stack(0x0000006e39d00000,0x0000006e39e00000)]
  0x00000243439ce5c0 JavaThread "Sweeper thread" daemon [_thread_blocked, id=20940, stack(0x0000006e39e00000,0x0000006e39f00000)]
  0x0000024343a61f70 JavaThread "Common-Cleaner" daemon [_thread_blocked, id=11052, stack(0x0000006e39f00000,0x0000006e3a000000)]
  0x0000024343b5e690 JavaThread "Notification Thread" daemon [_thread_blocked, id=23816, stack(0x0000006e3a000000,0x0000006e3a100000)]
=>0x0000024343d8ca90 JavaThread "C2 CompilerThread1" daemon [_thread_in_native, id=22388, stack(0x0000006e3a200000,0x0000006e3a300000)]

Other Threads:
  0x000002432a9eb630 VMThread "VM Thread" [stack: 0x0000006e39500000,0x0000006e39600000] [id=18192]
  0x0000024343c5c870 WatcherThread [stack: 0x0000006e3a100000,0x0000006e3a200000] [id=22840]
  0x000002432a971570 GCTaskThread "GC Thread#0" [stack: 0x0000006e39400000,0x0000006e39500000] [id=20256]

Threads with active compile tasks:
C2 CompilerThread0      906  727       4       sun.security.provider.SHA2::implCompress0 (490 bytes)
C2 CompilerThread1      906  692   !   4       java.util.jar.Attributes::read (498 bytes)

VM state: not at safepoint (normal execution)

VM Mutex/Monitor currently owned by a thread: None

Heap address: 0x00000000c0000000, size: 1024 MB, Compressed Oops mode: 32-bit

CDS archive(s) not mapped
Compressed class space mapped at: 0x0000000100000000-0x0000000140000000, reserved size: 1073741824
Narrow klass base: 0x0000000000000000, Narrow klass shift: 3, Narrow klass range: 0x140000000

GC Precious Log:
 CPUs: 4 total, 4 available
 Memory: 16342M
 Large Page Support: Disabled
 NUMA Support: Disabled
 Compressed Oops: Enabled (32-bit)
 Alignments: Space 512K, Generation 512K, Heap 2M
 Heap Min Capacity: 100M
 Heap Initial Capacity: 100M
 Heap Max Capacity: 1G
 Pre-touch: Disabled
 Parallel Workers: 4

Heap:
 PSYoungGen      total 29696K, used 17583K [0x00000000eab00000, 0x00000000ecc00000, 0x0000000100000000)
  eden space 25600K, 68% used [0x00000000eab00000,0x00000000ebc2bcd0,0x00000000ec400000)
  from space 4096K, 0% used [0x00000000ec800000,0x00000000ec800000,0x00000000ecc00000)
  to   space 4096K, 0% used [0x00000000ec400000,0x00000000ec400000,0x00000000ec800000)
 ParOldGen       total 68608K, used 0K [0x00000000c0000000, 0x00000000c4300000, 0x00000000eab00000)
  object space 68608K, 0% used [0x00000000c0000000,0x00000000c0000000,0x00000000c4300000)
 Metaspace       used 9257K, committed 9408K, reserved 1114112K
  class space    used 912K, committed 960K, reserved 1048576K

Card table byte_map: [0x000002432a320000,0x000002432a530000] _byte_map_base: 0x0000024329d20000

Marking Bits: (ParMarkBitMap*) 0x00007ffd6ce3d820
 Begin Bits: [0x000002433c600000, 0x000002433d600000)
 End Bits:   [0x000002433d600000, 0x000002433e600000)

Polling page: 0x0000024328af0000

Metaspace:

Usage:
  Non-class:      8.15 MB used.
      Class:    912.98 KB used.
       Both:      9.04 MB used.

Virtual space:
  Non-class space:       64.00 MB reserved,       8.25 MB ( 13%) committed,  1 nodes.
      Class space:        1.00 GB reserved,     960.00 KB ( <1%) committed,  1 nodes.
             Both:        1.06 GB reserved,       9.19 MB ( <1%) committed. 

Chunk freelists:
   Non-Class:  6.92 MB
       Class:  15.08 MB
        Both:  22.00 MB

MaxMetaspaceSize: unlimited
CompressedClassSpaceSize: 1.00 GB
Initial GC threshold: 21.00 MB
Current GC threshold: 21.00 MB
CDS: off
MetaspaceReclaimPolicy: balanced
 - commit_granule_bytes: 65536.
 - commit_granule_words: 8192.
 - virtual_space_node_default_size: 8388608.
 - enlarge_chunks_in_place: 1.
 - new_chunks_are_fully_committed: 0.
 - uncommit_free_chunks: 1.
 - use_allocation_guard: 0.
 - handle_deallocations: 1.


Internal statistics:

num_allocs_failed_limit: 0.
num_arena_births: 10.
num_arena_deaths: 0.
num_vsnodes_births: 2.
num_vsnodes_deaths: 0.
num_space_committed: 147.
num_space_uncommitted: 0.
num_chunks_returned_to_freelist: 0.
num_chunks_taken_from_freelist: 46.
num_chunk_merges: 0.
num_chunk_splits: 27.
num_chunks_enlarged: 25.
num_inconsistent_stats: 0.

CodeHeap 'non-profiled nmethods': size=120000Kb used=301Kb max_used=301Kb free=119698Kb
 bounds [0x00000243350d0000, 0x0000024335340000, 0x000002433c600000]
CodeHeap 'profiled nmethods': size=120000Kb used=1232Kb max_used=1232Kb free=118767Kb
 bounds [0x000002432d600000, 0x000002432d870000, 0x0000024334b30000]
CodeHeap 'non-nmethods': size=5760Kb used=1132Kb max_used=1168Kb free=4627Kb
 bounds [0x0000024334b30000, 0x0000024334da0000, 0x00000243350d0000]
 total_blobs=1153 nmethods=730 adapters=338
 compilation: enabled
              stopped_count=0, restarted_count=0
 full_count=0

Compilation events (20 events):
Event: 0.875 Thread 0x000002433e7d4970 nmethod 714 0x0000024335119690 code [0x0000024335119800, 0x0000024335119878]
Event: 0.875 Thread 0x000002433e7d4970  715       4       sun.security.provider.SHA5::lf_delta0 (20 bytes)
Event: 0.875 Thread 0x000002433e7d4970 nmethod 715 0x0000024335119990 code [0x0000024335119b00, 0x0000024335119b78]
Event: 0.876 Thread 0x00000243439c98e0  716       3       sun.security.provider.SHA5::implCompress0 (346 bytes)
Event: 0.877 Thread 0x00000243439c98e0 nmethod 716 0x000002432d721090 code [0x000002432d7212e0, 0x000002432d721d08]
Event: 0.877 Thread 0x00000243439c98e0  717       3       sun.security.provider.ByteArrayAccess::b2lBig128 (232 bytes)
Event: 0.878 Thread 0x000002433e7d4970  720       4       jdk.internal.misc.Unsafe::getLongUnaligned (12 bytes)
Event: 0.878 Thread 0x000002433e7d4970 nmethod 720 0x0000024335119c90 code [0x0000024335119e00, 0x0000024335119eb8]
Event: 0.879 Thread 0x000002433e7d4970  721       4       java.lang.invoke.VarHandleGuards::guard_LI_J (78 bytes)
Event: 0.881 Thread 0x000002433e7d4970 nmethod 721 0x0000024335119f90 code [0x000002433511a140, 0x000002433511a438]
Event: 0.881 Thread 0x000002433e7d4970  722       4       java.lang.invoke.VarHandleByteArrayAsLongs$ArrayHandle::get (36 bytes)
Event: 0.883 Thread 0x000002433e7d4970 nmethod 722 0x000002433511a810 code [0x000002433511a9a0, 0x000002433511aad8]
Event: 0.883 Thread 0x00000243439c98e0 nmethod 717 0x000002432d722410 code [0x000002432d722ee0, 0x000002432d729558]
Event: 0.883 Thread 0x00000243439c98e0  718       3       sun.security.provider.SHA5::implCompress (13 bytes)
Event: 0.883 Thread 0x000002433e7d4970  723 %     4       sun.security.provider.SHA5::implCompress0 @ 157 (346 bytes)
Event: 0.883 Thread 0x00000243439c98e0 nmethod 718 0x000002432d72b290 code [0x000002432d72b480, 0x000002432d72b8e8]
Event: 0.883 Thread 0x00000243439c98e0  719       3       sun.security.provider.SHA5::implCompressCheck (28 bytes)
Event: 0.883 Thread 0x00000243439c98e0 nmethod 719 0x000002432d72bb10 code [0x000002432d72bce0, 0x000002432d72c098]
Event: 0.885 Thread 0x00000243439c98e0  724       3       java.math.BigInteger::trustedStripLeadingZeroInts (37 bytes)
Event: 0.885 Thread 0x00000243439c98e0 nmethod 724 0x000002432d72c210 code [0x000002432d72c3c0, 0x000002432d72c628]

GC Heap History (0 events):
No events

Dll operation events (8 events):
Event: 0.014 Loaded shared library c:\Users\Bienvenido\.vscode\extensions\redhat.java-1.33.0-win32-x64\jre\17.0.11-win32-x86_64\bin\java.dll
Event: 0.304 Loaded shared library c:\Users\Bienvenido\.vscode\extensions\redhat.java-1.33.0-win32-x64\jre\17.0.11-win32-x86_64\bin\zip.dll
Event: 0.306 Loaded shared library C:\Users\Bienvenido\.vscode\extensions\redhat.java-1.33.0-win32-x64\jre\17.0.11-win32-x86_64\bin\instrument.dll
Event: 0.321 Loaded shared library C:\Users\Bienvenido\.vscode\extensions\redhat.java-1.33.0-win32-x64\jre\17.0.11-win32-x86_64\bin\net.dll
Event: 0.323 Loaded shared library C:\Users\Bienvenido\.vscode\extensions\redhat.java-1.33.0-win32-x64\jre\17.0.11-win32-x86_64\bin\nio.dll
Event: 0.335 Loaded shared library C:\Users\Bienvenido\.vscode\extensions\redhat.java-1.33.0-win32-x64\jre\17.0.11-win32-x86_64\bin\zip.dll
Event: 0.360 Loaded shared library C:\Users\Bienvenido\.vscode\extensions\redhat.java-1.33.0-win32-x64\jre\17.0.11-win32-x86_64\bin\jimage.dll
Event: 0.444 Loaded shared library c:\Users\Bienvenido\.vscode\extensions\redhat.java-1.33.0-win32-x64\jre\17.0.11-win32-x86_64\bin\verify.dll

Deoptimization events (20 events):
Event: 0.788 Thread 0x000002432a9619c0 Uncommon trap: trap_request=0xffffff45 fr.pc=0x00000243350f3878 relative=0x0000000000000538
Event: 0.788 Thread 0x000002432a9619c0 Uncommon trap: reason=unstable_if action=reinterpret pc=0x00000243350f3878 method=java.lang.AbstractStringBuilder.append(Ljava/lang/String;)Ljava/lang/AbstractStringBuilder; @ 1 c2
Event: 0.788 Thread 0x000002432a9619c0 DEOPT PACKING pc=0x00000243350f3878 sp=0x0000006e393fdc60
Event: 0.788 Thread 0x000002432a9619c0 DEOPT UNPACKING pc=0x0000024334b866a3 sp=0x0000006e393fdbe0 mode 2
Event: 0.799 Thread 0x000002432a9619c0 DEOPT PACKING pc=0x000002432d63858c sp=0x0000006e393fe530
Event: 0.799 Thread 0x000002432a9619c0 DEOPT UNPACKING pc=0x0000024334b86e43 sp=0x0000006e393fd9c0 mode 0
Event: 0.800 Thread 0x000002432a9619c0 DEOPT PACKING pc=0x000002432d63858c sp=0x0000006e393fe530
Event: 0.800 Thread 0x000002432a9619c0 DEOPT UNPACKING pc=0x0000024334b86e43 sp=0x0000006e393fd9c0 mode 0
Event: 0.857 Thread 0x000002432a9619c0 Uncommon trap: trap_request=0xffffff45 fr.pc=0x0000024335112764 relative=0x00000000000005a4
Event: 0.857 Thread 0x000002432a9619c0 Uncommon trap: reason=unstable_if action=reinterpret pc=0x0000024335112764 method=java.util.jar.Manifest$FastInputStream.readLine([BII)I @ 130 c2
Event: 0.857 Thread 0x000002432a9619c0 DEOPT PACKING pc=0x0000024335112764 sp=0x0000006e393fe720
Event: 0.857 Thread 0x000002432a9619c0 DEOPT UNPACKING pc=0x0000024334b866a3 sp=0x0000006e393fe6b0 mode 2
Event: 0.860 Thread 0x000002432a9619c0 Uncommon trap: trap_request=0xffffffc6 fr.pc=0x00000243351164b8 relative=0x0000000000000278
Event: 0.860 Thread 0x000002432a9619c0 Uncommon trap: reason=bimorphic_or_optimized_type_check action=maybe_recompile pc=0x00000243351164b8 method=java.util.HashMap.getNode(Ljava/lang/Object;)Ljava/util/HashMap$Node; @ 128 c2
Event: 0.860 Thread 0x000002432a9619c0 DEOPT PACKING pc=0x00000243351164b8 sp=0x0000006e393fe140
Event: 0.860 Thread 0x000002432a9619c0 DEOPT UNPACKING pc=0x0000024334b866a3 sp=0x0000006e393fe0c8 mode 2
Event: 0.860 Thread 0x000002432a9619c0 Uncommon trap: trap_request=0xffffffc6 fr.pc=0x00000243351164b8 relative=0x0000000000000278
Event: 0.860 Thread 0x000002432a9619c0 Uncommon trap: reason=bimorphic_or_optimized_type_check action=maybe_recompile pc=0x00000243351164b8 method=java.util.HashMap.getNode(Ljava/lang/Object;)Ljava/util/HashMap$Node; @ 128 c2
Event: 0.860 Thread 0x000002432a9619c0 DEOPT PACKING pc=0x00000243351164b8 sp=0x0000006e393fe140
Event: 0.860 Thread 0x000002432a9619c0 DEOPT UNPACKING pc=0x0000024334b866a3 sp=0x0000006e393fe0c8 mode 2

Classes unloaded (0 events):
No events

Classes redefined (0 events):
No events

Internal exceptions (9 events):
Event: 0.271 Thread 0x000002432a9619c0 Exception <a 'java/lang/NoSuchMethodError'{0x00000000eacb5068}: 'void java.lang.invoke.DirectMethodHandle$Holder.invokeStatic(java.lang.Object, java.lang.Object, java.lang.Object)'> (0x00000000eacb5068) 
thrown [s\src\hotspot\share\interpreter\linkResolver.cpp, line 759]
Event: 0.466 Thread 0x000002432a9619c0 Exception <a 'java/lang/reflect/InvocationTargetException'{0x00000000eafe99e0}> (0x00000000eafe99e0) 
thrown [s\src\hotspot\share\runtime\reflection.cpp, line 1121]
Event: 0.768 Thread 0x000002432a9619c0 Exception <a 'java/lang/ClassNotFoundException'{0x00000000eb87b418}: sun/net/www/protocol/c/Handler> (0x00000000eb87b418) 
thrown [s\src\hotspot\share\classfile\systemDictionary.cpp, line 256]
Event: 0.780 Thread 0x000002432a9619c0 Exception <a 'java/io/FileNotFoundException'{0x00000000eb8928f0}> (0x00000000eb8928f0) 
thrown [s\src\hotspot\share\prims\jni.cpp, line 516]
Event: 0.780 Thread 0x000002432a9619c0 Exception <a 'java/io/FileNotFoundException'{0x00000000eb893618}> (0x00000000eb893618) 
thrown [s\src\hotspot\share\prims\jni.cpp, line 516]
Event: 0.780 Thread 0x000002432a9619c0 Exception <a 'java/io/FileNotFoundException'{0x00000000eb894320}> (0x00000000eb894320) 
thrown [s\src\hotspot\share\prims\jni.cpp, line 516]
Event: 0.780 Thread 0x000002432a9619c0 Exception <a 'java/io/FileNotFoundException'{0x00000000eb895020}> (0x00000000eb895020) 
thrown [s\src\hotspot\share\prims\jni.cpp, line 516]
Event: 0.788 Thread 0x000002432a9619c0 Implicit null exception at 0x00000243350f3372 to 0x00000243350f3864
Event: 0.793 Thread 0x000002432a9619c0 Exception <a 'java/io/FileNotFoundException'{0x00000000eb8cde80}> (0x00000000eb8cde80) 
thrown [s\src\hotspot\share\prims\jni.cpp, line 516]

VM Operations (8 events):
Event: 0.281 Executing VM operation: HandshakeAllThreads
Event: 0.281 Executing VM operation: HandshakeAllThreads done
Event: 0.385 Executing VM operation: HandshakeAllThreads
Event: 0.385 Executing VM operation: HandshakeAllThreads done
Event: 0.725 Executing VM operation: HandshakeAllThreads
Event: 0.725 Executing VM operation: HandshakeAllThreads done
Event: 0.747 Executing VM operation: HandshakeAllThreads
Event: 0.747 Executing VM operation: HandshakeAllThreads done

Events (20 events):
Event: 0.810 loading class sun/nio/fs/WindowsFileSystemProvider$1
Event: 0.810 loading class sun/nio/fs/WindowsFileSystemProvider$1 done
Event: 0.810 loading class sun/nio/fs/WindowsLinkSupport
Event: 0.811 loading class sun/nio/fs/WindowsLinkSupport done
Event: 0.811 loading class sun/nio/fs/WindowsAclFileAttributeView
Event: 0.814 loading class sun/nio/fs/AbstractAclFileAttributeView
Event: 0.814 loading class java/nio/file/attribute/AclFileAttributeView
Event: 0.814 loading class java/nio/file/attribute/FileOwnerAttributeView
Event: 0.814 loading class java/nio/file/attribute/FileOwnerAttributeView done
Event: 0.814 loading class java/nio/file/attribute/AclFileAttributeView done
Event: 0.814 loading class sun/nio/fs/AbstractAclFileAttributeView done
Event: 0.814 loading class sun/nio/fs/WindowsAclFileAttributeView done
Event: 0.815 loading class sun/nio/fs/WindowsSecurity
Event: 0.815 loading class sun/nio/fs/WindowsSecurity done
Event: 0.816 loading class sun/nio/fs/WindowsFileStore
Event: 0.816 loading class java/nio/file/FileStore
Event: 0.816 loading class java/nio/file/FileStore done
Event: 0.816 loading class sun/nio/fs/WindowsFileStore done
Event: 0.821 loading class java/net/URLClassLoader$1
Event: 0.821 loading class java/net/URLClassLoader$1 done


Dynamic libraries:
0x00007ff750e80000 - 0x00007ff750e8e000 	c:\Users\Bienvenido\.vscode\extensions\redhat.java-1.33.0-win32-x64\jre\17.0.11-win32-x86_64\bin\java.exe
0x00007ffe02d30000 - 0x00007ffe02f28000 	C:\WINDOWS\SYSTEM32\ntdll.dll
0x00007ffe01f50000 - 0x00007ffe02011000 	C:\WINDOWS\System32\KERNEL32.DLL
0x00007ffe007e0000 - 0x00007ffe00ad6000 	C:\WINDOWS\System32\KERNELBASE.dll
0x00007ffe006b0000 - 0x00007ffe007b0000 	C:\WINDOWS\System32\ucrtbase.dll
0x00007ffdfd0c0000 - 0x00007ffdfd0d7000 	c:\Users\Bienvenido\.vscode\extensions\redhat.java-1.33.0-win32-x64\jre\17.0.11-win32-x86_64\bin\jli.dll
0x00007ffe01c60000 - 0x00007ffe01dff000 	C:\WINDOWS\System32\USER32.dll
0x00007ffdfa740000 - 0x00007ffdfa75b000 	c:\Users\Bienvenido\.vscode\extensions\redhat.java-1.33.0-win32-x64\jre\17.0.11-win32-x86_64\bin\VCRUNTIME140.dll
0x00007ffe007b0000 - 0x00007ffe007d2000 	C:\WINDOWS\System32\win32u.dll
0x00007ffe01f20000 - 0x00007ffe01f4b000 	C:\WINDOWS\System32\GDI32.dll
0x00007ffe003e0000 - 0x00007ffe004f7000 	C:\WINDOWS\System32\gdi32full.dll
0x00007ffdf11e0000 - 0x00007ffdf147a000 	C:\WINDOWS\WinSxS\amd64_microsoft.windows.common-controls_6595b64144ccf1df_6.0.19041.4355_none_60b8b9eb71f62e16\COMCTL32.dll
0x00007ffe00500000 - 0x00007ffe0059d000 	C:\WINDOWS\System32\msvcp_win.dll
0x00007ffe02ac0000 - 0x00007ffe02b5e000 	C:\WINDOWS\System32\msvcrt.dll
0x00007ffe01ad0000 - 0x00007ffe01aff000 	C:\WINDOWS\System32\IMM32.DLL
0x00007ffdfd270000 - 0x00007ffdfd27c000 	c:\Users\Bienvenido\.vscode\extensions\redhat.java-1.33.0-win32-x64\jre\17.0.11-win32-x86_64\bin\vcruntime140_1.dll
0x00007ffdb7720000 - 0x00007ffdb77ad000 	c:\Users\Bienvenido\.vscode\extensions\redhat.java-1.33.0-win32-x64\jre\17.0.11-win32-x86_64\bin\msvcp140.dll
0x00007ffd6c2a0000 - 0x00007ffd6cf02000 	c:\Users\Bienvenido\.vscode\extensions\redhat.java-1.33.0-win32-x64\jre\17.0.11-win32-x86_64\bin\server\jvm.dll
0x00007ffe010a0000 - 0x00007ffe01150000 	C:\WINDOWS\System32\ADVAPI32.dll
0x00007ffe00e10000 - 0x00007ffe00eb0000 	C:\WINDOWS\System32\sechost.dll
0x00007ffe02b60000 - 0x00007ffe02c83000 	C:\WINDOWS\System32\RPCRT4.dll
0x00007ffe00680000 - 0x00007ffe006a7000 	C:\WINDOWS\System32\bcrypt.dll
0x00007ffdff960000 - 0x00007ffdff9ab000 	C:\WINDOWS\SYSTEM32\POWRPROF.dll
0x00007ffdd3620000 - 0x00007ffdd3629000 	C:\WINDOWS\SYSTEM32\WSOCK32.dll
0x00007ffe02390000 - 0x00007ffe023fb000 	C:\WINDOWS\System32\WS2_32.dll
0x00007ffdf3400000 - 0x00007ffdf3427000 	C:\WINDOWS\SYSTEM32\WINMM.dll
0x00007ffdf78d0000 - 0x00007ffdf78da000 	C:\WINDOWS\SYSTEM32\VERSION.dll
0x00007ffdff7d0000 - 0x00007ffdff7e2000 	C:\WINDOWS\SYSTEM32\UMPDC.dll
0x00007ffdfec10000 - 0x00007ffdfec22000 	C:\WINDOWS\SYSTEM32\kernel.appcore.dll
0x00007ffdfd240000 - 0x00007ffdfd24a000 	c:\Users\Bienvenido\.vscode\extensions\redhat.java-1.33.0-win32-x64\jre\17.0.11-win32-x86_64\bin\jimage.dll
0x00007ffdfdfa0000 - 0x00007ffdfe184000 	C:\WINDOWS\SYSTEM32\DBGHELP.DLL
0x00007ffde1480000 - 0x00007ffde14b4000 	C:\WINDOWS\SYSTEM32\dbgcore.DLL
0x00007ffe005f0000 - 0x00007ffe00672000 	C:\WINDOWS\System32\bcryptPrimitives.dll
0x00007ffdfc960000 - 0x00007ffdfc96e000 	c:\Users\Bienvenido\.vscode\extensions\redhat.java-1.33.0-win32-x64\jre\17.0.11-win32-x86_64\bin\instrument.dll
0x00007ffdb6c10000 - 0x00007ffdb6c35000 	c:\Users\Bienvenido\.vscode\extensions\redhat.java-1.33.0-win32-x64\jre\17.0.11-win32-x86_64\bin\java.dll
0x00007ffdf6d30000 - 0x00007ffdf6d48000 	c:\Users\Bienvenido\.vscode\extensions\redhat.java-1.33.0-win32-x64\jre\17.0.11-win32-x86_64\bin\zip.dll
0x00007ffe01150000 - 0x00007ffe018bc000 	C:\WINDOWS\System32\SHELL32.dll
0x00007ffdfe190000 - 0x00007ffdfe92e000 	C:\WINDOWS\SYSTEM32\windows.storage.dll
0x00007ffe02030000 - 0x00007ffe02383000 	C:\WINDOWS\System32\combase.dll
0x00007ffdffe00000 - 0x00007ffdffe2e000 	C:\WINDOWS\SYSTEM32\Wldp.dll
0x00007ffe01a00000 - 0x00007ffe01acd000 	C:\WINDOWS\System32\OLEAUT32.dll
0x00007ffe018c0000 - 0x00007ffe0196d000 	C:\WINDOWS\System32\SHCORE.dll
0x00007ffe02c90000 - 0x00007ffe02ce5000 	C:\WINDOWS\System32\shlwapi.dll
0x00007ffe00310000 - 0x00007ffe00334000 	C:\WINDOWS\SYSTEM32\profapi.dll
0x00007ffde6760000 - 0x00007ffde6779000 	C:\Users\Bienvenido\.vscode\extensions\redhat.java-1.33.0-win32-x64\jre\17.0.11-win32-x86_64\bin\net.dll
0x00007ffdf8580000 - 0x00007ffdf868a000 	C:\WINDOWS\SYSTEM32\WINHTTP.dll
0x00007ffdffb60000 - 0x00007ffdffbca000 	C:\WINDOWS\system32\mswsock.dll
0x00007ffde6620000 - 0x00007ffde6636000 	C:\Users\Bienvenido\.vscode\extensions\redhat.java-1.33.0-win32-x64\jre\17.0.11-win32-x86_64\bin\nio.dll
0x00007ffdd6460000 - 0x00007ffdd6470000 	c:\Users\Bienvenido\.vscode\extensions\redhat.java-1.33.0-win32-x64\jre\17.0.11-win32-x86_64\bin\verify.dll

dbghelp: loaded successfully - version: 4.0.5 - missing functions: none
symbol engine: initialized successfully - sym options: 0x614 - pdb path: .;c:\Users\Bienvenido\.vscode\extensions\redhat.java-1.33.0-win32-x64\jre\17.0.11-win32-x86_64\bin;C:\WINDOWS\SYSTEM32;C:\WINDOWS\WinSxS\amd64_microsoft.windows.common-controls_6595b64144ccf1df_6.0.19041.4355_none_60b8b9eb71f62e16;c:\Users\Bienvenido\.vscode\extensions\redhat.java-1.33.0-win32-x64\jre\17.0.11-win32-x86_64\bin\server

VM Arguments:
jvm_args: --add-modules=ALL-SYSTEM --add-opens=java.base/java.util=ALL-UNNAMED --add-opens=java.base/java.lang=ALL-UNNAMED --add-opens=java.base/sun.nio.fs=ALL-UNNAMED -Declipse.application=org.eclipse.jdt.ls.core.id1 -Dosgi.bundles.defaultStartLevel=4 -Declipse.product=org.eclipse.jdt.ls.core.product -Djava.import.generatesMetadataFilesAtProjectRoot=false -DDetectVMInstallationsJob.disabled=true -Dfile.encoding=utf8 -XX:+UseParallelGC -XX:GCTimeRatio=4 -XX:AdaptiveSizePolicyWeight=90 -Dsun.zip.disableMemoryMapping=true -Xmx1G -Xms100m -Xlog:disable -javaagent:c:\Users\Bienvenido\.vscode\extensions\redhat.java-1.33.0-win32-x64\lombok\lombok-1.18.33.jar 
java_command: c:\Users\Bienvenido\.vscode\extensions\redhat.java-1.33.0-win32-x64\server\plugins\org.eclipse.equinox.launcher_1.6.900.v20240613-2009.jar -configuration c:\Users\Bienvenido\AppData\Roaming\Code\User\globalStorage\redhat.java\1.33.0\config_ss_win -data c:\Users\Bienvenido\AppData\Roaming\Code\User\workspaceStorage\a24a19b3159e2f2d5f7ebc0d3659f854\redhat.java\ss_ws --pipe=\\.\pipe\lsp-3277d64822c5043247fa1c006ce2ec93-sock
java_class_path (initial): c:\Users\Bienvenido\.vscode\extensions\redhat.java-1.33.0-win32-x64\server\plugins\org.eclipse.equinox.launcher_1.6.900.v20240613-2009.jar
Launcher Type: SUN_STANDARD

[Global flags]
    uintx AdaptiveSizePolicyWeight                 = 90                                        {product} {command line}
     intx CICompilerCount                          = 3                                         {product} {ergonomic}
    uintx GCTimeRatio                              = 4                                         {product} {command line}
   size_t InitialHeapSize                          = 104857600                                 {product} {command line}
   size_t MaxHeapSize                              = 1073741824                                {product} {command line}
   size_t MaxNewSize                               = 357564416                                 {product} {ergonomic}
   size_t MinHeapDeltaBytes                        = 524288                                    {product} {ergonomic}
   size_t MinHeapSize                              = 104857600                                 {product} {command line}
   size_t NewSize                                  = 34603008                                  {product} {ergonomic}
    uintx NonNMethodCodeHeapSize                   = 5832780                                {pd product} {ergonomic}
    uintx NonProfiledCodeHeapSize                  = 122912730                              {pd product} {ergonomic}
   size_t OldSize                                  = 70254592                                  {product} {ergonomic}
    uintx ProfiledCodeHeapSize                     = 122912730                              {pd product} {ergonomic}
    uintx ReservedCodeCacheSize                    = 251658240                              {pd product} {ergonomic}
     bool SegmentedCodeCache                       = true                                      {product} {ergonomic}
   size_t SoftMaxHeapSize                          = 1073741824                             {manageable} {ergonomic}
     bool UseCompressedClassPointers               = true                           {product lp64_product} {ergonomic}
     bool UseCompressedOops                        = true                           {product lp64_product} {ergonomic}
     bool UseLargePagesIndividualAllocation        = false                                  {pd product} {ergonomic}
     bool UseParallelGC                            = true                                      {product} {command line}

Logging:
Log output configuration:
 #0: stdout all=off uptime,level,tags
 #1: stderr all=off uptime,level,tags

Environment Variables:
JAVA_HOME=C:\Program Files\Java\jdk-17\
PATH=C:\Python310\Scripts\;C:\Python310\;C:\Program Files\Common Files\Oracle\Java\javapath;C:\Python39\Scripts\;C:\Python39\;C:\Program Files (x86)\Common Files\Oracle\Java\javapath;C:\Python27\;C:\Python27\Scripts;C:\Program Files\Microsoft MPI\Bin\;C:\WINDOWS\system32;C:\WINDOWS;C:\WINDOWS\System32\Wbem;C:\WINDOWS\System32\WindowsPowerShell\v1.0\;C:\WINDOWS\System32\OpenSSH\;C:\Program Files\dotnet\;C:\Program Files\Microsoft SQL Server\130\Tools\Binn\;C:\Program Files\Microsoft SQL Server\Client SDK\ODBC\170\Tools\Binn\;C:\Program Files (x86)\Microsoft SQL Server\150\Tools\Binn\;C:\Program Files\Microsoft SQL Server\150\Tools\Binn\;C:\Program Files (x86)\Microsoft SQL Server\150\DTS\Binn\;C:\Program Files\Microsoft SQL Server\150\DTS\Binn\;C:\ProgramData\chocolatey\bin;d:\Program Files (x86)\Brackets\command;C:\Program Files\Java\jdk-17\\bin;C:\Program Files\PuTTY\;C:\Program Files\TortoiseSVN\bin;D:\Program Files\nodejs\;C:\Program Files\Git\cmd;D:\gradle\bin;C:\Program Files\Java\jdk-17\;C:\Users\Bienvenido\AppData\Local\Programs\Python\Python38-32\Scripts\;C:\Users\Bienvenido\AppData\Local\Programs\Python\Python38-32\;C:\Users\Bienvenido\AppData\Local\Microsoft\WindowsApps;C:\Users\Bienvenido\AppData\Local\Programs\Microsoft VS Code\bin;d:\Program Files\JetBrains\IntelliJ IDEA Community Edition 2020.1\bin;D:\Program Files\MongoDB\Server\4.4\bin;C:\Users\Bienvenido\AppData\Local\Microsoft\WindowsApps;C:\Users\Bienvenido\AppData\Local\GitHubDesktop\bin;C:\Users\Bienvenido\AppData\Roaming\npm;d:\Program Files\JetBrains\IntelliJ IDEA Community Edition 2022.1\bin;
USERNAME=Bienvenido
OS=Windows_NT
PROCESSOR_IDENTIFIER=Intel64 Family 6 Model 42 Stepping 7, GenuineIntel
TMP=C:\Users\BIENVE~1\AppData\Local\Temp
TEMP=C:\Users\BIENVE~1\AppData\Local\Temp



Periodic native trim disabled


---------------  S Y S T E M  ---------------

OS:
 Windows 10 , 64 bit Build 19041 (10.0.19041.4597)
OS uptime: 8 days 8:49 hours

CPU: total 4 (initial active 4) (4 cores per cpu, 2 threads per core) family 6 model 42 stepping 7 microcode 0x2f, cx8, cmov, fxsr, ht, mmx, sse, sse2, sse3, ssse3, sse4.1, sse4.2, popcnt, tsc, tscinvbit, avx, aes, clmul, vzeroupper, clflush
Processor Information for all 4 processors :
  Max Mhz: 3401, Current Mhz: 3401, Mhz Limit: 3401

Memory: 4k page, system-wide physical 16342M (5120M free)
TotalPageFile size 17366M (AvailPageFile size 5M)
current process WorkingSet (physical memory assigned to process): 63M, peak: 63M
current process commit charge ("private bytes"): 186M, peak: 186M

vm_info: OpenJDK 64-Bit Server VM (17.0.11+9) for windows-amd64 JRE (17.0.11+9), built on Apr 17 2024 06:07:48 by "admin" with MS VC++ 16.10 / 16.11 (VS2019)

END.
