#
# There is insufficient memory for the Java Runtime Environment to continue.
# Native memory allocation (malloc) failed to allocate 1048576 bytes. Error detail: AllocateHeap
# Possible reasons:
#   The system is out of physical RAM or swap space
#   This process is running with CompressedOops enabled, and the Java Heap may be blocking the growth of the native heap
# Possible solutions:
#   Reduce memory load on the system
#   Increase physical memory or swap space
#   Check if swap backing store is full
#   Decrease Java heap size (-Xmx/-Xms)
#   Decrease number of Java threads
#   Decrease Java thread stack sizes (-Xss)
#   Set larger code cache with -XX:ReservedCodeCacheSize=
#   JVM is running with Unscaled Compressed Oops mode in which the Java heap is
#     placed in the first 4GB address space. The Java Heap base address is the
#     maximum limit for the native heap growth. Please use -XX:HeapBaseMinAddress
#     to set the Java Heap base and to place the Java Heap above 4GB virtual address.
# This output file may be truncated or incomplete.
#
#  Out of Memory Error (allocation.cpp:44), pid=18772, tid=24156
#
# JRE version:  (17.0.11+9) (build )
# Java VM: OpenJDK 64-Bit Server VM (17.0.11+9, mixed mode, tiered, compressed oops, compressed class ptrs, parallel gc, windows-amd64)
# No core dump will be written. Minidumps are not enabled by default on client versions of Windows
#

---------------  S U M M A R Y ------------

Command Line: --add-modules=ALL-SYSTEM --add-opens=java.base/java.util=ALL-UNNAMED --add-opens=java.base/java.lang=ALL-UNNAMED --add-opens=java.base/sun.nio.fs=ALL-UNNAMED -Declipse.application=org.eclipse.jdt.ls.core.id1 -Dosgi.bundles.defaultStartLevel=4 -Declipse.product=org.eclipse.jdt.ls.core.product -Djava.import.generatesMetadataFilesAtProjectRoot=false -DDetectVMInstallationsJob.disabled=true -Dfile.encoding=utf8 -XX:+UseParallelGC -XX:GCTimeRatio=4 -XX:AdaptiveSizePolicyWeight=90 -Dsun.zip.disableMemoryMapping=true -Xmx1G -Xms100m -Xlog:disable -javaagent:c:\Users\Bienvenido\.vscode\extensions\redhat.java-1.33.0-win32-x64\lombok\lombok-1.18.33.jar -XX:+HeapDumpOnOutOfMemoryError -XX:HeapDumpPath=c:\Users\Bienvenido\AppData\Roaming\Code\User\workspaceStorage\a24a19b3159e2f2d5f7ebc0d3659f854\redhat.java -Daether.dependencyCollector.impl=bf c:\Users\Bienvenido\.vscode\extensions\redhat.java-1.33.0-win32-x64\server\plugins\org.eclipse.equinox.launcher_1.6.900.v20240613-2009.jar -configuration c:\Users\Bienvenido\AppData\Roaming\Code\User\globalStorage\redhat.java\1.33.0\config_win -data c:\Users\Bienvenido\AppData\Roaming\Code\User\workspaceStorage\a24a19b3159e2f2d5f7ebc0d3659f854\redhat.java\jdt_ws --pipe=\\.\pipe\lsp-7aabbaa700719c7b691162d03abff2b1-sock

Host: Intel(R) Core(TM) i7-2600 CPU @ 3.40GHz, 4 cores, 15G,  Windows 10 , 64 bit Build 19041 (10.0.19041.4597)
Time: Mon Aug 12 20:19:21 2024 Central Standard Time (Mexico) elapsed time: 0.087451 seconds (0d 0h 0m 0s)

---------------  T H R E A D  ---------------

Current thread (0x000002eef74a16e0):  JavaThread "Unknown thread" [_thread_in_vm, id=24156, stack(0x000000f171d00000,0x000000f171e00000)]

Stack: [0x000000f171d00000,0x000000f171e00000]
Native frames: (J=compiled Java code, j=interpreted, Vv=VM code, C=native code)
V  [jvm.dll+0x67d429]
V  [jvm.dll+0x834b7a]
V  [jvm.dll+0x83663e]
V  [jvm.dll+0x836ca3]
V  [jvm.dll+0x247dbf]
V  [jvm.dll+0xa6cb3]
V  [jvm.dll+0x6aff5a]
V  [jvm.dll+0x6b0c4f]
V  [jvm.dll+0x689b53]
V  [jvm.dll+0x806c4b]
V  [jvm.dll+0x36c5e4]
V  [jvm.dll+0x7e4f56]
V  [jvm.dll+0x3efdcf]
V  [jvm.dll+0x3f1921]
C  [jli.dll+0x528f]
C  [ucrtbase.dll+0x21bb2]
C  [KERNEL32.DLL+0x17374]
C  [ntdll.dll+0x4cc91]


---------------  P R O C E S S  ---------------

Threads class SMR info:
_java_thread_list=0x00007ffd6cdceed8, length=0, elements={
}

Java Threads: ( => current thread )

Other Threads:
  0x000002eef74b5f90 GCTaskThread "GC Thread#0" [stack: 0x000000f171f00000,0x000000f172000000] [id=1072]

=>0x000002eef74a16e0 (exited) JavaThread "Unknown thread" [_thread_in_vm, id=24156, stack(0x000000f171d00000,0x000000f171e00000)]

Threads with active compile tasks:

VM state: not at safepoint (normal execution)

VM Mutex/Monitor currently owned by a thread: None

Heap address: 0x00000000c0000000, size: 1024 MB, Compressed Oops mode: 32-bit

CDS archive(s) not mapped
Compressed class space mapped at: 0x0000000100000000-0x0000000140000000, reserved size: 1073741824
Narrow klass base: 0x0000000000000000, Narrow klass shift: 3, Narrow klass range: 0x140000000

GC Precious Log:
 CPUs: 4 total, 4 available
 Memory: 16342M
 Large Page Support: Disabled
 NUMA Support: Disabled
 Compressed Oops: Enabled (32-bit)
 Alignments: Space 512K, Generation 512K, Heap 2M
 Heap Min Capacity: 100M
 Heap Initial Capacity: 100M
 Heap Max Capacity: 1G
 Pre-touch: Disabled
 Parallel Workers: 4

Heap:
 PSYoungGen      total 29696K, used 512K [0x00000000eab00000, 0x00000000ecc00000, 0x0000000100000000)
  eden space 25600K, 2% used [0x00000000eab00000,0x00000000eab80070,0x00000000ec400000)
  from space 4096K, 0% used [0x00000000ec800000,0x00000000ec800000,0x00000000ecc00000)
  to   space 4096K, 0% used [0x00000000ec400000,0x00000000ec400000,0x00000000ec800000)
 ParOldGen       total 68608K, used 0K [0x00000000c0000000, 0x00000000c4300000, 0x00000000eab00000)
  object space 68608K, 0% used [0x00000000c0000000,0x00000000c0000000,0x00000000c4300000)
 Metaspace       used 1149K, committed 1216K, reserved 1114112K
  class space    used 101K, committed 128K, reserved 1048576K

Card table byte_map: [0x000002eef6e30000,0x000002eef7040000] _byte_map_base: 0x000002eef6830000

Marking Bits: (ParMarkBitMap*) 0x00007ffd6ce3d820
 Begin Bits: [0x000002eefa130000, 0x000002eefb130000)
 End Bits:   [0x000002eefb130000, 0x000002eefc130000)

Polling page: 0x000002eef5350000

Metaspace:

Usage:
  Non-class:      1.02 MB used.
      Class:    101.05 KB used.
       Both:      1.12 MB used.

Virtual space:
  Non-class space:       64.00 MB reserved,       1.06 MB (  2%) committed,  1 nodes.
      Class space:        1.00 GB reserved,     128.00 KB ( <1%) committed,  1 nodes.
             Both:        1.06 GB reserved,       1.19 MB ( <1%) committed. 

Chunk freelists:
   Non-Class:  12.00 MB
       Class:  15.75 MB
        Both:  27.75 MB

MaxMetaspaceSize: unlimited
CompressedClassSpaceSize: 1.00 GB
Initial GC threshold: 21.00 MB
Current GC threshold: 17179869184.00 GB
CDS: off
MetaspaceReclaimPolicy: balanced
 - commit_granule_bytes: 65536.
 - commit_granule_words: 8192.
 - virtual_space_node_default_size: 8388608.
 - enlarge_chunks_in_place: 1.
 - new_chunks_are_fully_committed: 0.
 - uncommit_free_chunks: 1.
 - use_allocation_guard: 0.
 - handle_deallocations: 1.


Internal statistics:

num_allocs_failed_limit: 0.
num_arena_births: 2.
num_arena_deaths: 0.
num_vsnodes_births: 2.
num_vsnodes_deaths: 0.
num_space_committed: 19.
num_space_uncommitted: 0.
num_chunks_returned_to_freelist: 0.
num_chunks_taken_from_freelist: 3.
num_chunk_merges: 0.
num_chunk_splits: 2.
num_chunks_enlarged: 0.
num_inconsistent_stats: 0.

CodeHeap 'non-profiled nmethods': size=120000Kb used=0Kb max_used=0Kb free=120000Kb
 bounds [0x000002ee87ad0000, 0x000002ee87d40000, 0x000002ee8f000000]
CodeHeap 'profiled nmethods': size=120000Kb used=0Kb max_used=0Kb free=120000Kb
 bounds [0x000002ee80000000, 0x000002ee80270000, 0x000002ee87530000]
CodeHeap 'non-nmethods': size=5760Kb used=202Kb max_used=353Kb free=5557Kb
 bounds [0x000002ee87530000, 0x000002ee877a0000, 0x000002ee87ad0000]
 total_blobs=66 nmethods=0 adapters=47
 compilation: enabled
              stopped_count=0, restarted_count=0
 full_count=0

Compilation events (0 events):
No events

GC Heap History (0 events):
No events

Dll operation events (1 events):
Event: 0.035 Loaded shared library c:\Users\Bienvenido\.vscode\extensions\redhat.java-1.33.0-win32-x64\jre\17.0.11-win32-x86_64\bin\java.dll

Deoptimization events (0 events):
No events

Classes unloaded (0 events):
No events

Classes redefined (0 events):
No events

Internal exceptions (0 events):
No events

VM Operations (0 events):
No events

Events (20 events):
Event: 0.058 loading class java/lang/Long
Event: 0.058 loading class java/lang/Long done
Event: 0.058 loading class java/util/Iterator
Event: 0.058 loading class java/util/Iterator done
Event: 0.058 loading class java/lang/reflect/RecordComponent
Event: 0.058 loading class java/lang/reflect/RecordComponent done
Event: 0.058 loading class jdk/internal/vm/vector/VectorSupport
Event: 0.059 loading class jdk/internal/vm/vector/VectorSupport done
Event: 0.059 loading class jdk/internal/vm/vector/VectorSupport$VectorPayload
Event: 0.059 loading class jdk/internal/vm/vector/VectorSupport$VectorPayload done
Event: 0.059 loading class jdk/internal/vm/vector/VectorSupport$Vector
Event: 0.059 loading class jdk/internal/vm/vector/VectorSupport$Vector done
Event: 0.059 loading class jdk/internal/vm/vector/VectorSupport$VectorMask
Event: 0.059 loading class jdk/internal/vm/vector/VectorSupport$VectorMask done
Event: 0.059 loading class jdk/internal/vm/vector/VectorSupport$VectorShuffle
Event: 0.059 loading class jdk/internal/vm/vector/VectorSupport$VectorShuffle done
Event: 0.062 loading class java/lang/NullPointerException
Event: 0.062 loading class java/lang/NullPointerException done
Event: 0.062 loading class java/lang/ArithmeticException
Event: 0.062 loading class java/lang/ArithmeticException done


Dynamic libraries:
0x00007ff750e80000 - 0x00007ff750e8e000 	c:\Users\Bienvenido\.vscode\extensions\redhat.java-1.33.0-win32-x64\jre\17.0.11-win32-x86_64\bin\java.exe
0x00007ffe02d30000 - 0x00007ffe02f28000 	C:\WINDOWS\SYSTEM32\ntdll.dll
0x00007ffe01f50000 - 0x00007ffe02011000 	C:\WINDOWS\System32\KERNEL32.DLL
0x00007ffe007e0000 - 0x00007ffe00ad6000 	C:\WINDOWS\System32\KERNELBASE.dll
0x00007ffdfbac0000 - 0x00007ffdfbb54000 	C:\WINDOWS\SYSTEM32\apphelp.dll
0x00007ffe006b0000 - 0x00007ffe007b0000 	C:\WINDOWS\System32\ucrtbase.dll
0x00007ffdfd0c0000 - 0x00007ffdfd0d7000 	c:\Users\Bienvenido\.vscode\extensions\redhat.java-1.33.0-win32-x64\jre\17.0.11-win32-x86_64\bin\jli.dll
0x00007ffe01c60000 - 0x00007ffe01dff000 	C:\WINDOWS\System32\USER32.dll
0x00007ffe007b0000 - 0x00007ffe007d2000 	C:\WINDOWS\System32\win32u.dll
0x00007ffe01f20000 - 0x00007ffe01f4b000 	C:\WINDOWS\System32\GDI32.dll
0x00007ffe003e0000 - 0x00007ffe004f7000 	C:\WINDOWS\System32\gdi32full.dll
0x00007ffe00500000 - 0x00007ffe0059d000 	C:\WINDOWS\System32\msvcp_win.dll
0x00007ffdfa740000 - 0x00007ffdfa75b000 	c:\Users\Bienvenido\.vscode\extensions\redhat.java-1.33.0-win32-x64\jre\17.0.11-win32-x86_64\bin\VCRUNTIME140.dll
0x00007ffdf11e0000 - 0x00007ffdf147a000 	C:\WINDOWS\WinSxS\amd64_microsoft.windows.common-controls_6595b64144ccf1df_6.0.19041.4355_none_60b8b9eb71f62e16\COMCTL32.dll
0x00007ffe02ac0000 - 0x00007ffe02b5e000 	C:\WINDOWS\System32\msvcrt.dll
0x00007ffe01ad0000 - 0x00007ffe01aff000 	C:\WINDOWS\System32\IMM32.DLL
0x00007ffdfd240000 - 0x00007ffdfd24c000 	c:\Users\Bienvenido\.vscode\extensions\redhat.java-1.33.0-win32-x64\jre\17.0.11-win32-x86_64\bin\vcruntime140_1.dll
0x00007ffdb7760000 - 0x00007ffdb77ed000 	c:\Users\Bienvenido\.vscode\extensions\redhat.java-1.33.0-win32-x64\jre\17.0.11-win32-x86_64\bin\msvcp140.dll
0x00007ffd6c2a0000 - 0x00007ffd6cf02000 	c:\Users\Bienvenido\.vscode\extensions\redhat.java-1.33.0-win32-x64\jre\17.0.11-win32-x86_64\bin\server\jvm.dll
0x00007ffe010a0000 - 0x00007ffe01150000 	C:\WINDOWS\System32\ADVAPI32.dll
0x00007ffe00e10000 - 0x00007ffe00eb0000 	C:\WINDOWS\System32\sechost.dll
0x00007ffe02b60000 - 0x00007ffe02c83000 	C:\WINDOWS\System32\RPCRT4.dll
0x00007ffe00680000 - 0x00007ffe006a7000 	C:\WINDOWS\System32\bcrypt.dll
0x00007ffdff960000 - 0x00007ffdff9ab000 	C:\WINDOWS\SYSTEM32\POWRPROF.dll
0x00007ffdd3620000 - 0x00007ffdd3629000 	C:\WINDOWS\SYSTEM32\WSOCK32.dll
0x00007ffe02390000 - 0x00007ffe023fb000 	C:\WINDOWS\System32\WS2_32.dll
0x00007ffdf3400000 - 0x00007ffdf3427000 	C:\WINDOWS\SYSTEM32\WINMM.dll
0x00007ffdf78d0000 - 0x00007ffdf78da000 	C:\WINDOWS\SYSTEM32\VERSION.dll
0x00007ffdff7d0000 - 0x00007ffdff7e2000 	C:\WINDOWS\SYSTEM32\UMPDC.dll
0x00007ffdfec10000 - 0x00007ffdfec22000 	C:\WINDOWS\SYSTEM32\kernel.appcore.dll
0x00007ffdfc960000 - 0x00007ffdfc96a000 	c:\Users\Bienvenido\.vscode\extensions\redhat.java-1.33.0-win32-x64\jre\17.0.11-win32-x86_64\bin\jimage.dll
0x00007ffdfdfa0000 - 0x00007ffdfe184000 	C:\WINDOWS\SYSTEM32\DBGHELP.DLL
0x00007ffde1480000 - 0x00007ffde14b4000 	C:\WINDOWS\SYSTEM32\dbgcore.DLL
0x00007ffe005f0000 - 0x00007ffe00672000 	C:\WINDOWS\System32\bcryptPrimitives.dll
0x00007ffdf6d40000 - 0x00007ffdf6d4e000 	c:\Users\Bienvenido\.vscode\extensions\redhat.java-1.33.0-win32-x64\jre\17.0.11-win32-x86_64\bin\instrument.dll
0x00007ffdb7730000 - 0x00007ffdb7755000 	c:\Users\Bienvenido\.vscode\extensions\redhat.java-1.33.0-win32-x64\jre\17.0.11-win32-x86_64\bin\java.dll
0x00007ffde6760000 - 0x00007ffde6778000 	c:\Users\Bienvenido\.vscode\extensions\redhat.java-1.33.0-win32-x64\jre\17.0.11-win32-x86_64\bin\zip.dll

dbghelp: loaded successfully - version: 4.0.5 - missing functions: none
symbol engine: initialized successfully - sym options: 0x614 - pdb path: .;c:\Users\Bienvenido\.vscode\extensions\redhat.java-1.33.0-win32-x64\jre\17.0.11-win32-x86_64\bin;C:\WINDOWS\SYSTEM32;C:\WINDOWS\WinSxS\amd64_microsoft.windows.common-controls_6595b64144ccf1df_6.0.19041.4355_none_60b8b9eb71f62e16;c:\Users\Bienvenido\.vscode\extensions\redhat.java-1.33.0-win32-x64\jre\17.0.11-win32-x86_64\bin\server

VM Arguments:
jvm_args: --add-modules=ALL-SYSTEM --add-opens=java.base/java.util=ALL-UNNAMED --add-opens=java.base/java.lang=ALL-UNNAMED --add-opens=java.base/sun.nio.fs=ALL-UNNAMED -Declipse.application=org.eclipse.jdt.ls.core.id1 -Dosgi.bundles.defaultStartLevel=4 -Declipse.product=org.eclipse.jdt.ls.core.product -Djava.import.generatesMetadataFilesAtProjectRoot=false -DDetectVMInstallationsJob.disabled=true -Dfile.encoding=utf8 -XX:+UseParallelGC -XX:GCTimeRatio=4 -XX:AdaptiveSizePolicyWeight=90 -Dsun.zip.disableMemoryMapping=true -Xmx1G -Xms100m -Xlog:disable -javaagent:c:\Users\Bienvenido\.vscode\extensions\redhat.java-1.33.0-win32-x64\lombok\lombok-1.18.33.jar -XX:+HeapDumpOnOutOfMemoryError -XX:HeapDumpPath=c:\Users\Bienvenido\AppData\Roaming\Code\User\workspaceStorage\a24a19b3159e2f2d5f7ebc0d3659f854\redhat.java -Daether.dependencyCollector.impl=bf 
java_command: c:\Users\Bienvenido\.vscode\extensions\redhat.java-1.33.0-win32-x64\server\plugins\org.eclipse.equinox.launcher_1.6.900.v20240613-2009.jar -configuration c:\Users\Bienvenido\AppData\Roaming\Code\User\globalStorage\redhat.java\1.33.0\config_win -data c:\Users\Bienvenido\AppData\Roaming\Code\User\workspaceStorage\a24a19b3159e2f2d5f7ebc0d3659f854\redhat.java\jdt_ws --pipe=\\.\pipe\lsp-7aabbaa700719c7b691162d03abff2b1-sock
java_class_path (initial): c:\Users\Bienvenido\.vscode\extensions\redhat.java-1.33.0-win32-x64\server\plugins\org.eclipse.equinox.launcher_1.6.900.v20240613-2009.jar
Launcher Type: SUN_STANDARD

[Global flags]
    uintx AdaptiveSizePolicyWeight                 = 90                                        {product} {command line}
     intx CICompilerCount                          = 3                                         {product} {ergonomic}
    uintx GCTimeRatio                              = 4                                         {product} {command line}
     bool HeapDumpOnOutOfMemoryError               = true                                   {manageable} {command line}
    ccstr HeapDumpPath                             = c:\Users\Bienvenido\AppData\Roaming\Code\User\workspaceStorage\a24a19b3159e2f2d5f7ebc0d3659f854\redhat.java         {manageable} {command line}
   size_t InitialHeapSize                          = 104857600                                 {product} {command line}
   size_t MaxHeapSize                              = 1073741824                                {product} {command line}
   size_t MaxNewSize                               = 357564416                                 {product} {ergonomic}
   size_t MinHeapDeltaBytes                        = 524288                                    {product} {ergonomic}
   size_t MinHeapSize                              = 104857600                                 {product} {command line}
   size_t NewSize                                  = 34603008                                  {product} {ergonomic}
    uintx NonNMethodCodeHeapSize                   = 5832780                                {pd product} {ergonomic}
    uintx NonProfiledCodeHeapSize                  = 122912730                              {pd product} {ergonomic}
   size_t OldSize                                  = 70254592                                  {product} {ergonomic}
    uintx ProfiledCodeHeapSize                     = 122912730                              {pd product} {ergonomic}
    uintx ReservedCodeCacheSize                    = 251658240                              {pd product} {ergonomic}
     bool SegmentedCodeCache                       = true                                      {product} {ergonomic}
   size_t SoftMaxHeapSize                          = 1073741824                             {manageable} {ergonomic}
     bool UseCompressedClassPointers               = true                           {product lp64_product} {ergonomic}
     bool UseCompressedOops                        = true                           {product lp64_product} {ergonomic}
     bool UseLargePagesIndividualAllocation        = false                                  {pd product} {ergonomic}
     bool UseParallelGC                            = true                                      {product} {command line}

Logging:
Log output configuration:
 #0: stdout all=off uptime,level,tags
 #1: stderr all=off uptime,level,tags

Environment Variables:
JAVA_HOME=C:\Program Files\Java\jdk-17\
PATH=C:\Python310\Scripts\;C:\Python310\;C:\Program Files\Common Files\Oracle\Java\javapath;C:\Python39\Scripts\;C:\Python39\;C:\Program Files (x86)\Common Files\Oracle\Java\javapath;C:\Python27\;C:\Python27\Scripts;C:\Program Files\Microsoft MPI\Bin\;C:\WINDOWS\system32;C:\WINDOWS;C:\WINDOWS\System32\Wbem;C:\WINDOWS\System32\WindowsPowerShell\v1.0\;C:\WINDOWS\System32\OpenSSH\;C:\Program Files\dotnet\;C:\Program Files\Microsoft SQL Server\130\Tools\Binn\;C:\Program Files\Microsoft SQL Server\Client SDK\ODBC\170\Tools\Binn\;C:\Program Files (x86)\Microsoft SQL Server\150\Tools\Binn\;C:\Program Files\Microsoft SQL Server\150\Tools\Binn\;C:\Program Files (x86)\Microsoft SQL Server\150\DTS\Binn\;C:\Program Files\Microsoft SQL Server\150\DTS\Binn\;C:\ProgramData\chocolatey\bin;d:\Program Files (x86)\Brackets\command;C:\Program Files\Java\jdk-17\\bin;C:\Program Files\PuTTY\;C:\Program Files\TortoiseSVN\bin;D:\Program Files\nodejs\;C:\Program Files\Git\cmd;D:\gradle\bin;C:\Program Files\Java\jdk-17\;C:\Users\Bienvenido\AppData\Local\Programs\Python\Python38-32\Scripts\;C:\Users\Bienvenido\AppData\Local\Programs\Python\Python38-32\;C:\Users\Bienvenido\AppData\Local\Microsoft\WindowsApps;C:\Users\Bienvenido\AppData\Local\Programs\Microsoft VS Code\bin;d:\Program Files\JetBrains\IntelliJ IDEA Community Edition 2020.1\bin;D:\Program Files\MongoDB\Server\4.4\bin;C:\Users\Bienvenido\AppData\Local\Microsoft\WindowsApps;C:\Users\Bienvenido\AppData\Local\GitHubDesktop\bin;C:\Users\Bienvenido\AppData\Roaming\npm;d:\Program Files\JetBrains\IntelliJ IDEA Community Edition 2022.1\bin;
USERNAME=Bienvenido
OS=Windows_NT
PROCESSOR_IDENTIFIER=Intel64 Family 6 Model 42 Stepping 7, GenuineIntel
TMP=C:\Users\BIENVE~1\AppData\Local\Temp
TEMP=C:\Users\BIENVE~1\AppData\Local\Temp



Periodic native trim disabled


---------------  S Y S T E M  ---------------

OS:
 Windows 10 , 64 bit Build 19041 (10.0.19041.4597)
OS uptime: 8 days 8:47 hours

CPU: total 4 (initial active 4) (4 cores per cpu, 2 threads per core) family 6 model 42 stepping 7 microcode 0x2f, cx8, cmov, fxsr, ht, mmx, sse, sse2, sse3, ssse3, sse4.1, sse4.2, popcnt, tsc, tscinvbit, avx, aes, clmul, vzeroupper, clflush
Processor Information for all 4 processors :
  Max Mhz: 3401, Current Mhz: 3401, Mhz Limit: 3401

Memory: 4k page, system-wide physical 16342M (5182M free)
TotalPageFile size 17366M (AvailPageFile size 8M)
current process WorkingSet (physical memory assigned to process): 16M, peak: 16M
current process commit charge ("private bytes"): 152M, peak: 153M

vm_info: OpenJDK 64-Bit Server VM (17.0.11+9) for windows-amd64 JRE (17.0.11+9), built on Apr 17 2024 06:07:48 by "admin" with MS VC++ 16.10 / 16.11 (VS2019)

END.
